This file contains any messages produced by compilers while
running configure, to aid debugging if configure makes a mistake.

It was created by zeromq configure 4.2.1, which was
generated by GNU Autoconf 2.69.  Invocation command line was

  $ ./configure --prefix=/home/plasma/Documents/src/cncremote/libraries --enable-static

## --------- ##
## Platform. ##
## --------- ##

hostname = plasma-OptiPlex-755
uname -m = i686
uname -r = 3.18.0-15.16-rt
uname -s = Linux
uname -v = #rt SMP PREEMPT RT Tue Apr 21 17:35:01 CDT 2015

/usr/bin/uname -p = unknown
/bin/uname -X     = unknown

/bin/arch              = unknown
/usr/bin/arch -k       = unknown
/usr/convex/getsysinfo = unknown
/usr/bin/hostinfo      = unknown
/bin/machine           = unknown
/usr/bin/oslevel       = unknown
/bin/universe          = unknown

PATH: /usr/local/sbin
PATH: /usr/local/bin
PATH: /usr/sbin
PATH: /usr/bin
PATH: /sbin
PATH: /bin
PATH: /usr/games
PATH: /usr/local/games


## ----------- ##
## Core tests. ##
## ----------- ##

configure:2898: checking for a BSD-compatible install
configure:2966: result: /usr/bin/install -c
configure:2977: checking whether build environment is sane
configure:3032: result: yes
configure:3183: checking for a thread-safe mkdir -p
configure:3222: result: /bin/mkdir -p
configure:3229: checking for gawk
configure:3245: found /usr/bin/gawk
configure:3256: result: gawk
configure:3267: checking whether make sets $(MAKE)
configure:3289: result: yes
configure:3318: checking whether make supports nested variables
configure:3335: result: yes
configure:3424: checking whether UID '1000' is supported by ustar format
configure:3427: result: yes
configure:3434: checking whether GID '1000' is supported by ustar format
configure:3437: result: yes
configure:3445: checking how to create a ustar tar archive
configure:3456: tar --version
tar (GNU tar) 1.27.1
Copyright (C) 2013 Free Software Foundation, Inc.
License GPLv3+: GNU GPL version 3 or later <http://gnu.org/licenses/gpl.html>.
This is free software: you are free to change and redistribute it.
There is NO WARRANTY, to the extent permitted by law.

Written by John Gilmore and Jay Fenlason.
configure:3459: $? = 0
configure:3499: tardir=conftest.dir && eval tar --format=ustar -chf - "$tardir" >conftest.tar
configure:3502: $? = 0
configure:3506: tar -xf - <conftest.tar
configure:3509: $? = 0
configure:3511: cat conftest.dir/file
GrepMe
configure:3514: $? = 0
configure:3527: result: gnutar
configure:3892: checking whether make supports nested variables
configure:3909: result: yes
configure:3999: checking for gcc
configure:4015: found /usr/bin/gcc
configure:4026: result: gcc
configure:4255: checking for C compiler version
configure:4264: gcc --version >&5
gcc (Ubuntu 4.8.4-2ubuntu1~14.04.3) 4.8.4
Copyright (C) 2013 Free Software Foundation, Inc.
This is free software; see the source for copying conditions.  There is NO
warranty; not even for MERCHANTABILITY or FITNESS FOR A PARTICULAR PURPOSE.

configure:4275: $? = 0
configure:4264: gcc -v >&5
Using built-in specs.
COLLECT_GCC=gcc
COLLECT_LTO_WRAPPER=/usr/lib/gcc/i686-linux-gnu/4.8/lto-wrapper
Target: i686-linux-gnu
Configured with: ../src/configure -v --with-pkgversion='Ubuntu 4.8.4-2ubuntu1~14.04.3' --with-bugurl=file:///usr/share/doc/gcc-4.8/README.Bugs --enable-languages=c,c++,java,go,d,fortran,objc,obj-c++ --prefix=/usr --program-suffix=-4.8 --enable-shared --enable-linker-build-id --libexecdir=/usr/lib --without-included-gettext --enable-threads=posix --with-gxx-include-dir=/usr/include/c++/4.8 --libdir=/usr/lib --enable-nls --with-sysroot=/ --enable-clocale=gnu --enable-libstdcxx-debug --enable-libstdcxx-time=yes --enable-gnu-unique-object --disable-libmudflap --enable-plugin --with-system-zlib --disable-browser-plugin --enable-java-awt=gtk --enable-gtk-cairo --with-java-home=/usr/lib/jvm/java-1.5.0-gcj-4.8-i386/jre --enable-java-home --with-jvm-root-dir=/usr/lib/jvm/java-1.5.0-gcj-4.8-i386 --with-jvm-jar-dir=/usr/lib/jvm-exports/java-1.5.0-gcj-4.8-i386 --with-arch-directory=i386 --with-ecj-jar=/usr/share/java/eclipse-ecj.jar --enable-objc-gc --enable-targets=all --enable-multiarch --disable-werror --with-arch-32=i686 --with-multilib-list=m32,m64,mx32 --with-tune=generic --enable-checking=release --build=i686-linux-gnu --host=i686-linux-gnu --target=i686-linux-gnu
Thread model: posix
gcc version 4.8.4 (Ubuntu 4.8.4-2ubuntu1~14.04.3) 
configure:4275: $? = 0
configure:4264: gcc -V >&5
gcc: error: unrecognized command line option '-V'
gcc: fatal error: no input files
compilation terminated.
configure:4275: $? = 4
configure:4264: gcc -qversion >&5
gcc: error: unrecognized command line option '-qversion'
gcc: fatal error: no input files
compilation terminated.
configure:4275: $? = 4
configure:4295: checking whether the C compiler works
configure:4317: gcc    conftest.c  >&5
configure:4321: $? = 0
configure:4369: result: yes
configure:4372: checking for C compiler default output file name
configure:4374: result: a.out
configure:4380: checking for suffix of executables
configure:4387: gcc -o conftest    conftest.c  >&5
configure:4391: $? = 0
configure:4413: result: 
configure:4435: checking whether we are cross compiling
configure:4443: gcc -o conftest    conftest.c  >&5
configure:4447: $? = 0
configure:4454: ./conftest
configure:4458: $? = 0
configure:4473: result: no
configure:4478: checking for suffix of object files
configure:4500: gcc -c   conftest.c >&5
configure:4504: $? = 0
configure:4525: result: o
configure:4529: checking whether we are using the GNU C compiler
configure:4548: gcc -c   conftest.c >&5
configure:4548: $? = 0
configure:4557: result: yes
configure:4566: checking whether gcc accepts -g
configure:4586: gcc -c -g  conftest.c >&5
configure:4586: $? = 0
configure:4627: result: yes
configure:4644: checking for gcc option to accept ISO C89
configure:4707: gcc  -c -g -O2  conftest.c >&5
configure:4707: $? = 0
configure:4720: result: none needed
configure:4745: checking whether gcc understands -c and -o together
configure:4767: gcc -c conftest.c -o conftest2.o
configure:4770: $? = 0
configure:4767: gcc -c conftest.c -o conftest2.o
configure:4770: $? = 0
configure:4782: result: yes
configure:4810: checking for style of include used by make
configure:4838: result: GNU
configure:4864: checking dependency style of gcc
configure:4975: result: gcc3
configure:4991: checking whether C compiler accepts -std=gnu11
configure:5010: gcc -c -g -O2  -std=gnu11  conftest.c >&5
configure:5010: $? = 0
configure:5018: result: yes
configure:5260: checking for g++
configure:5276: found /usr/bin/g++
configure:5287: result: g++
configure:5314: checking for C++ compiler version
configure:5323: g++ --version >&5
g++ (Ubuntu 4.8.4-2ubuntu1~14.04.3) 4.8.4
Copyright (C) 2013 Free Software Foundation, Inc.
This is free software; see the source for copying conditions.  There is NO
warranty; not even for MERCHANTABILITY or FITNESS FOR A PARTICULAR PURPOSE.

configure:5334: $? = 0
configure:5323: g++ -v >&5
Using built-in specs.
COLLECT_GCC=g++
COLLECT_LTO_WRAPPER=/usr/lib/gcc/i686-linux-gnu/4.8/lto-wrapper
Target: i686-linux-gnu
Configured with: ../src/configure -v --with-pkgversion='Ubuntu 4.8.4-2ubuntu1~14.04.3' --with-bugurl=file:///usr/share/doc/gcc-4.8/README.Bugs --enable-languages=c,c++,java,go,d,fortran,objc,obj-c++ --prefix=/usr --program-suffix=-4.8 --enable-shared --enable-linker-build-id --libexecdir=/usr/lib --without-included-gettext --enable-threads=posix --with-gxx-include-dir=/usr/include/c++/4.8 --libdir=/usr/lib --enable-nls --with-sysroot=/ --enable-clocale=gnu --enable-libstdcxx-debug --enable-libstdcxx-time=yes --enable-gnu-unique-object --disable-libmudflap --enable-plugin --with-system-zlib --disable-browser-plugin --enable-java-awt=gtk --enable-gtk-cairo --with-java-home=/usr/lib/jvm/java-1.5.0-gcj-4.8-i386/jre --enable-java-home --with-jvm-root-dir=/usr/lib/jvm/java-1.5.0-gcj-4.8-i386 --with-jvm-jar-dir=/usr/lib/jvm-exports/java-1.5.0-gcj-4.8-i386 --with-arch-directory=i386 --with-ecj-jar=/usr/share/java/eclipse-ecj.jar --enable-objc-gc --enable-targets=all --enable-multiarch --disable-werror --with-arch-32=i686 --with-multilib-list=m32,m64,mx32 --with-tune=generic --enable-checking=release --build=i686-linux-gnu --host=i686-linux-gnu --target=i686-linux-gnu
Thread model: posix
gcc version 4.8.4 (Ubuntu 4.8.4-2ubuntu1~14.04.3) 
configure:5334: $? = 0
configure:5323: g++ -V >&5
g++: error: unrecognized command line option '-V'
g++: fatal error: no input files
compilation terminated.
configure:5334: $? = 4
configure:5323: g++ -qversion >&5
g++: error: unrecognized command line option '-qversion'
g++: fatal error: no input files
compilation terminated.
configure:5334: $? = 4
configure:5338: checking whether we are using the GNU C++ compiler
configure:5357: g++ -c   conftest.cpp >&5
configure:5357: $? = 0
configure:5366: result: yes
configure:5375: checking whether g++ accepts -g
configure:5395: g++ -c -g  conftest.cpp >&5
configure:5395: $? = 0
configure:5436: result: yes
configure:5461: checking dependency style of g++
configure:5572: result: gcc3
configure:5595: checking whether g++ supports C++11 features by default
configure:5889: g++ -c -g -O2  conftest.cpp >&5
conftest.cpp:22:2: error: #error "This is not a C++11 compiler"
 #error "This is not a C++11 compiler"
  ^
configure:5889: $? = 1
configure: failed program was:
| /* confdefs.h */
| #define PACKAGE_NAME "zeromq"
| #define PACKAGE_TARNAME "zeromq"
| #define PACKAGE_VERSION "4.2.1"
| #define PACKAGE_STRING "zeromq 4.2.1"
| #define PACKAGE_BUGREPORT "zeromq-dev@lists.zeromq.org"
| #define PACKAGE_URL ""
| #define PACKAGE "zeromq"
| #define VERSION "4.2.1"
| /* end confdefs.h.  */
| 
| 
| // If the compiler admits that it is not ready for C++11, why torture it?
| // Hopefully, this will speed up the test.
| 
| #ifndef __cplusplus
| 
| #error "This is not a C++ compiler"
| 
| #elif __cplusplus < 201103L
| 
| #error "This is not a C++11 compiler"
| 
| #else
| 
| namespace cxx11
| {
| 
|   namespace test_static_assert
|   {
| 
|     template <typename T>
|     struct check
|     {
|       static_assert(sizeof(int) <= sizeof(T), "not big enough");
|     };
| 
|   }
| 
|   namespace test_final_override
|   {
| 
|     struct Base
|     {
|       virtual void f() {}
|     };
| 
|     struct Derived : public Base
|     {
|       virtual void f() override {}
|     };
| 
|   }
| 
|   namespace test_double_right_angle_brackets
|   {
| 
|     template < typename T >
|     struct check {};
| 
|     typedef check<void> single_type;
|     typedef check<check<void>> double_type;
|     typedef check<check<check<void>>> triple_type;
|     typedef check<check<check<check<void>>>> quadruple_type;
| 
|   }
| 
|   namespace test_decltype
|   {
| 
|     int
|     f()
|     {
|       int a = 1;
|       decltype(a) b = 2;
|       return a + b;
|     }
| 
|   }
| 
|   namespace test_type_deduction
|   {
| 
|     template < typename T1, typename T2 >
|     struct is_same
|     {
|       static const bool value = false;
|     };
| 
|     template < typename T >
|     struct is_same<T, T>
|     {
|       static const bool value = true;
|     };
| 
|     template < typename T1, typename T2 >
|     auto
|     add(T1 a1, T2 a2) -> decltype(a1 + a2)
|     {
|       return a1 + a2;
|     }
| 
|     int
|     test(const int c, volatile int v)
|     {
|       static_assert(is_same<int, decltype(0)>::value == true, "");
|       static_assert(is_same<int, decltype(c)>::value == false, "");
|       static_assert(is_same<int, decltype(v)>::value == false, "");
|       auto ac = c;
|       auto av = v;
|       auto sumi = ac + av + 'x';
|       auto sumf = ac + av + 1.0;
|       static_assert(is_same<int, decltype(ac)>::value == true, "");
|       static_assert(is_same<int, decltype(av)>::value == true, "");
|       static_assert(is_same<int, decltype(sumi)>::value == true, "");
|       static_assert(is_same<int, decltype(sumf)>::value == false, "");
|       static_assert(is_same<int, decltype(add(c, v))>::value == true, "");
|       return (sumf > 0.0) ? sumi : add(c, v);
|     }
| 
|   }
| 
|   namespace test_noexcept
|   {
| 
|     int f() { return 0; }
|     int g() noexcept { return 0; }
| 
|     static_assert(noexcept(f()) == false, "");
|     static_assert(noexcept(g()) == true, "");
| 
|   }
| 
|   namespace test_constexpr
|   {
| 
|     template < typename CharT >
|     unsigned long constexpr
|     strlen_c_r(const CharT *const s, const unsigned long acc) noexcept
|     {
|       return *s ? strlen_c_r(s + 1, acc + 1) : acc;
|     }
| 
|     template < typename CharT >
|     unsigned long constexpr
|     strlen_c(const CharT *const s) noexcept
|     {
|       return strlen_c_r(s, 0UL);
|     }
| 
|     static_assert(strlen_c("") == 0UL, "");
|     static_assert(strlen_c("1") == 1UL, "");
|     static_assert(strlen_c("example") == 7UL, "");
|     static_assert(strlen_c("another\0example") == 7UL, "");
| 
|   }
| 
|   namespace test_rvalue_references
|   {
| 
|     template < int N >
|     struct answer
|     {
|       static constexpr int value = N;
|     };
| 
|     answer<1> f(int&)       { return answer<1>(); }
|     answer<2> f(const int&) { return answer<2>(); }
|     answer<3> f(int&&)      { return answer<3>(); }
| 
|     void
|     test()
|     {
|       int i = 0;
|       const int c = 0;
|       static_assert(decltype(f(i))::value == 1, "");
|       static_assert(decltype(f(c))::value == 2, "");
|       static_assert(decltype(f(0))::value == 3, "");
|     }
| 
|   }
| 
|   namespace test_uniform_initialization
|   {
| 
|     struct test
|     {
|       static const int zero {};
|       static const int one {1};
|     };
| 
|     static_assert(test::zero == 0, "");
|     static_assert(test::one == 1, "");
| 
|   }
| 
|   namespace test_lambdas
|   {
| 
|     void
|     test1()
|     {
|       auto lambda1 = [](){};
|       auto lambda2 = lambda1;
|       lambda1();
|       lambda2();
|     }
| 
|     int
|     test2()
|     {
|       auto a = [](int i, int j){ return i + j; }(1, 2);
|       auto b = []() -> int { return '0'; }();
|       auto c = [=](){ return a + b; }();
|       auto d = [&](){ return c; }();
|       auto e = [a, &b](int x) mutable {
|         const auto identity = [](int y){ return y; };
|         for (auto i = 0; i < a; ++i)
|           a += b--;
|         return x + identity(a + b);
|       }(0);
|       return a + b + c + d + e;
|     }
| 
|     int
|     test3()
|     {
|       const auto nullary = [](){ return 0; };
|       const auto unary = [](int x){ return x; };
|       using nullary_t = decltype(nullary);
|       using unary_t = decltype(unary);
|       const auto higher1st = [](nullary_t f){ return f(); };
|       const auto higher2nd = [unary](nullary_t f1){
|         return [unary, f1](unary_t f2){ return f2(unary(f1())); };
|       };
|       return higher1st(nullary) + higher2nd(nullary)(unary);
|     }
| 
|   }
| 
|   namespace test_variadic_templates
|   {
| 
|     template <int...>
|     struct sum;
| 
|     template <int N0, int... N1toN>
|     struct sum<N0, N1toN...>
|     {
|       static constexpr auto value = N0 + sum<N1toN...>::value;
|     };
| 
|     template <>
|     struct sum<>
|     {
|       static constexpr auto value = 0;
|     };
| 
|     static_assert(sum<>::value == 0, "");
|     static_assert(sum<1>::value == 1, "");
|     static_assert(sum<23>::value == 23, "");
|     static_assert(sum<1, 2>::value == 3, "");
|     static_assert(sum<5, 5, 11>::value == 21, "");
|     static_assert(sum<2, 3, 5, 7, 11, 13>::value == 41, "");
| 
|   }
| 
|   // http://stackoverflow.com/questions/13728184/template-aliases-and-sfinae
|   // Clang 3.1 fails with headers of libstd++ 4.8.3 when using std::function
|   // because of this.
|   namespace test_template_alias_sfinae
|   {
| 
|     struct foo {};
| 
|     template<typename T>
|     using member = typename T::member_type;
| 
|     template<typename T>
|     void func(...) {}
| 
|     template<typename T>
|     void func(member<T>*) {}
| 
|     void test();
| 
|     void test() { func<foo>(0); }
| 
|   }
| 
| }  // namespace cxx11
| 
| #endif  // __cplusplus >= 201103L
| 
| 
| 
configure:5896: result: no
configure:5905: checking whether g++ supports C++11 features with -std=gnu++11
configure:6201: g++ -std=gnu++11 -c -g -O2  conftest.cpp >&5
configure:6201: $? = 0
configure:6210: result: yes
configure:6247: checking for a sed that does not truncate output
configure:6311: result: /bin/sed
configure:6329: checking whether to build with code coverage support
configure:6349: result: no
configure:6717: checking for a sed that does not truncate output
configure:6781: result: /bin/sed
configure:6790: checking for gawk
configure:6817: result: gawk
configure:6882: checking for pkg-config
configure:6900: found /usr/bin/pkg-config
configure:6912: result: /usr/bin/pkg-config
configure:6937: checking pkg-config is at least version 0.9.0
configure:6940: result: yes
configure:6954: checking for xmlto
configure:6987: result: no
configure:6995: checking for asciidoc
configure:7028: result: no
configure:7037: checking build system type
configure:7051: result: i686-pc-linux-gnu
configure:7071: checking host system type
configure:7084: result: i686-pc-linux-gnu
configure:7525: checking how to print strings
configure:7552: result: printf
configure:7573: checking for a sed that does not truncate output
configure:7637: result: /bin/sed
configure:7655: checking for grep that handles long lines and -e
configure:7713: result: /bin/grep
configure:7718: checking for egrep
configure:7780: result: /bin/grep -E
configure:7785: checking for fgrep
configure:7847: result: /bin/grep -F
configure:7882: checking for ld used by gcc
configure:7949: result: /usr/bin/ld
configure:7956: checking if the linker (/usr/bin/ld) is GNU ld
configure:7971: result: yes
configure:7983: checking for BSD- or MS-compatible name lister (nm)
configure:8032: result: /usr/bin/nm -B
configure:8162: checking the name lister (/usr/bin/nm -B) interface
configure:8169: gcc -c -g -O2 -std=gnu11  conftest.c >&5
configure:8172: /usr/bin/nm -B "conftest.o"
configure:8175: output
00000000 B some_variable
configure:8182: result: BSD nm
configure:8185: checking whether ln -s works
configure:8189: result: yes
configure:8197: checking the maximum length of command line arguments
configure:8328: result: 1572864
configure:8345: checking whether the shell understands some XSI constructs
configure:8355: result: yes
configure:8359: checking whether the shell understands "+="
configure:8365: result: yes
configure:8400: checking how to convert i686-pc-linux-gnu file names to i686-pc-linux-gnu format
configure:8440: result: func_convert_file_noop
configure:8447: checking how to convert i686-pc-linux-gnu file names to toolchain format
configure:8467: result: func_convert_file_noop
configure:8474: checking for /usr/bin/ld option to reload object files
configure:8481: result: -r
configure:8555: checking for objdump
configure:8582: result: objdump
configure:8611: checking how to recognize dependent libraries
configure:8809: result: pass_all
configure:8894: checking for dlltool
configure:8921: result: dlltool
configure:8951: checking how to associate runtime and link libraries
configure:8978: result: printf %s\n
configure:9038: checking for ar
configure:9054: found /usr/bin/ar
configure:9065: result: ar
configure:9102: checking for archiver @FILE support
configure:9119: gcc -c -g -O2 -std=gnu11  conftest.c >&5
configure:9119: $? = 0
configure:9122: ar cru libconftest.a @conftest.lst >&5
configure:9125: $? = 0
configure:9130: ar cru libconftest.a @conftest.lst >&5
ar: conftest.o: No such file or directory
configure:9133: $? = 1
configure:9145: result: @
configure:9203: checking for strip
configure:9219: found /usr/bin/strip
configure:9230: result: strip
configure:9302: checking for ranlib
configure:9318: found /usr/bin/ranlib
configure:9329: result: ranlib
configure:9431: checking command to parse /usr/bin/nm -B output from gcc object
configure:9551: gcc -c -g -O2 -std=gnu11  conftest.c >&5
configure:9554: $? = 0
configure:9558: /usr/bin/nm -B conftest.o \| sed -n -e 's/^.*[ ]\([ABCDGIRSTW][ABCDGIRSTW]*\)[ ][ ]*\([_A-Za-z][_A-Za-z0-9]*\)$/\1 \2 \2/p' | sed '/ __gnu_lto/d' \> conftest.nm
configure:9561: $? = 0
configure:9627: gcc -o conftest -g -O2 -std=gnu11   conftest.c conftstm.o >&5
configure:9630: $? = 0
configure:9668: result: ok
configure:9705: checking for sysroot
configure:9735: result: no
configure:10004: checking for mt
configure:10020: found /bin/mt
configure:10031: result: mt
configure:10054: checking if mt is a manifest tool
configure:10060: mt '-?'
configure:10068: result: no
configure:10710: checking how to run the C preprocessor
configure:10741: gcc -E  conftest.c
configure:10741: $? = 0
configure:10755: gcc -E  conftest.c
conftest.c:12:28: fatal error: ac_nonexistent.h: No such file or directory
 #include <ac_nonexistent.h>
                            ^
compilation terminated.
configure:10755: $? = 1
configure: failed program was:
| /* confdefs.h */
| #define PACKAGE_NAME "zeromq"
| #define PACKAGE_TARNAME "zeromq"
| #define PACKAGE_VERSION "4.2.1"
| #define PACKAGE_STRING "zeromq 4.2.1"
| #define PACKAGE_BUGREPORT "zeromq-dev@lists.zeromq.org"
| #define PACKAGE_URL ""
| #define PACKAGE "zeromq"
| #define VERSION "4.2.1"
| #define HAVE_CXX11 1
| /* end confdefs.h.  */
| #include <ac_nonexistent.h>
configure:10780: result: gcc -E
configure:10800: gcc -E  conftest.c
configure:10800: $? = 0
configure:10814: gcc -E  conftest.c
conftest.c:12:28: fatal error: ac_nonexistent.h: No such file or directory
 #include <ac_nonexistent.h>
                            ^
compilation terminated.
configure:10814: $? = 1
configure: failed program was:
| /* confdefs.h */
| #define PACKAGE_NAME "zeromq"
| #define PACKAGE_TARNAME "zeromq"
| #define PACKAGE_VERSION "4.2.1"
| #define PACKAGE_STRING "zeromq 4.2.1"
| #define PACKAGE_BUGREPORT "zeromq-dev@lists.zeromq.org"
| #define PACKAGE_URL ""
| #define PACKAGE "zeromq"
| #define VERSION "4.2.1"
| #define HAVE_CXX11 1
| /* end confdefs.h.  */
| #include <ac_nonexistent.h>
configure:10843: checking for ANSI C header files
configure:10863: gcc -c -g -O2 -std=gnu11  conftest.c >&5
configure:10863: $? = 0
configure:10936: gcc -o conftest -g -O2 -std=gnu11   conftest.c  >&5
configure:10936: $? = 0
configure:10936: ./conftest
configure:10936: $? = 0
configure:10947: result: yes
configure:10960: checking for sys/types.h
configure:10960: gcc -c -g -O2 -std=gnu11  conftest.c >&5
configure:10960: $? = 0
configure:10960: result: yes
configure:10960: checking for sys/stat.h
configure:10960: gcc -c -g -O2 -std=gnu11  conftest.c >&5
configure:10960: $? = 0
configure:10960: result: yes
configure:10960: checking for stdlib.h
configure:10960: gcc -c -g -O2 -std=gnu11  conftest.c >&5
configure:10960: $? = 0
configure:10960: result: yes
configure:10960: checking for string.h
configure:10960: gcc -c -g -O2 -std=gnu11  conftest.c >&5
configure:10960: $? = 0
configure:10960: result: yes
configure:10960: checking for memory.h
configure:10960: gcc -c -g -O2 -std=gnu11  conftest.c >&5
configure:10960: $? = 0
configure:10960: result: yes
configure:10960: checking for strings.h
configure:10960: gcc -c -g -O2 -std=gnu11  conftest.c >&5
configure:10960: $? = 0
configure:10960: result: yes
configure:10960: checking for inttypes.h
configure:10960: gcc -c -g -O2 -std=gnu11  conftest.c >&5
configure:10960: $? = 0
configure:10960: result: yes
configure:10960: checking for stdint.h
configure:10960: gcc -c -g -O2 -std=gnu11  conftest.c >&5
configure:10960: $? = 0
configure:10960: result: yes
configure:10960: checking for unistd.h
configure:10960: gcc -c -g -O2 -std=gnu11  conftest.c >&5
configure:10960: $? = 0
configure:10960: result: yes
configure:10974: checking for dlfcn.h
configure:10974: gcc -c -g -O2 -std=gnu11  conftest.c >&5
configure:10974: $? = 0
configure:10974: result: yes
configure:11158: checking for objdir
configure:11173: result: .libs
configure:11444: checking if gcc supports -fno-rtti -fno-exceptions
configure:11462: gcc -c -g -O2 -std=gnu11  -fno-rtti -fno-exceptions conftest.c >&5
cc1: warning: command line option '-fno-rtti' is valid for C++/ObjC++ but not for C [enabled by default]
configure:11466: $? = 0
configure:11479: result: no
configure:11806: checking for gcc option to produce PIC
configure:11813: result: -fPIC -DPIC
configure:11821: checking if gcc PIC flag -fPIC -DPIC works
configure:11839: gcc -c -g -O2 -std=gnu11  -fPIC -DPIC -DPIC conftest.c >&5
configure:11843: $? = 0
configure:11856: result: yes
configure:11885: checking if gcc static flag -static works
configure:11913: result: yes
configure:11928: checking if gcc supports -c -o file.o
configure:11949: gcc -c -g -O2 -std=gnu11  -o out/conftest2.o conftest.c >&5
configure:11953: $? = 0
configure:11975: result: yes
configure:11983: checking if gcc supports -c -o file.o
configure:12030: result: yes
configure:12063: checking whether the gcc linker (/usr/bin/ld) supports shared libraries
configure:13220: result: yes
configure:13257: checking whether -lc should be explicitly linked in
configure:13265: gcc -c -g -O2 -std=gnu11  conftest.c >&5
configure:13268: $? = 0
configure:13283: gcc -shared  -fPIC -DPIC conftest.o  -v -Wl,-soname -Wl,conftest -o conftest 2\>\&1 \| /bin/grep  -lc  \>/dev/null 2\>\&1
configure:13286: $? = 0
configure:13300: result: no
configure:13460: checking dynamic linker characteristics
configure:13960: gcc -o conftest -g -O2 -std=gnu11   -Wl,-rpath -Wl,/foo conftest.c  >&5
configure:13960: $? = 0
configure:14194: result: GNU/Linux ld.so
configure:14301: checking how to hardcode library paths into programs
configure:14326: result: immediate
configure:14866: checking whether stripping libraries is possible
configure:14871: result: yes
configure:14906: checking if libtool supports shared libraries
configure:14908: result: yes
configure:14911: checking whether to build shared libraries
configure:14932: result: yes
configure:14935: checking whether to build static libraries
configure:14939: result: yes
configure:14962: checking how to run the C++ preprocessor
configure:14989: g++ -std=gnu++11 -E  conftest.cpp
configure:14989: $? = 0
configure:15003: g++ -std=gnu++11 -E  conftest.cpp
conftest.cpp:24:28: fatal error: ac_nonexistent.h: No such file or directory
 #include <ac_nonexistent.h>
                            ^
compilation terminated.
configure:15003: $? = 1
configure: failed program was:
| /* confdefs.h */
| #define PACKAGE_NAME "zeromq"
| #define PACKAGE_TARNAME "zeromq"
| #define PACKAGE_VERSION "4.2.1"
| #define PACKAGE_STRING "zeromq 4.2.1"
| #define PACKAGE_BUGREPORT "zeromq-dev@lists.zeromq.org"
| #define PACKAGE_URL ""
| #define PACKAGE "zeromq"
| #define VERSION "4.2.1"
| #define HAVE_CXX11 1
| #define STDC_HEADERS 1
| #define HAVE_SYS_TYPES_H 1
| #define HAVE_SYS_STAT_H 1
| #define HAVE_STDLIB_H 1
| #define HAVE_STRING_H 1
| #define HAVE_MEMORY_H 1
| #define HAVE_STRINGS_H 1
| #define HAVE_INTTYPES_H 1
| #define HAVE_STDINT_H 1
| #define HAVE_UNISTD_H 1
| #define HAVE_DLFCN_H 1
| #define LT_OBJDIR ".libs/"
| /* end confdefs.h.  */
| #include <ac_nonexistent.h>
configure:15028: result: g++ -std=gnu++11 -E
configure:15048: g++ -std=gnu++11 -E  conftest.cpp
configure:15048: $? = 0
configure:15062: g++ -std=gnu++11 -E  conftest.cpp
conftest.cpp:24:28: fatal error: ac_nonexistent.h: No such file or directory
 #include <ac_nonexistent.h>
                            ^
compilation terminated.
configure:15062: $? = 1
configure: failed program was:
| /* confdefs.h */
| #define PACKAGE_NAME "zeromq"
| #define PACKAGE_TARNAME "zeromq"
| #define PACKAGE_VERSION "4.2.1"
| #define PACKAGE_STRING "zeromq 4.2.1"
| #define PACKAGE_BUGREPORT "zeromq-dev@lists.zeromq.org"
| #define PACKAGE_URL ""
| #define PACKAGE "zeromq"
| #define VERSION "4.2.1"
| #define HAVE_CXX11 1
| #define STDC_HEADERS 1
| #define HAVE_SYS_TYPES_H 1
| #define HAVE_SYS_STAT_H 1
| #define HAVE_STDLIB_H 1
| #define HAVE_STRING_H 1
| #define HAVE_MEMORY_H 1
| #define HAVE_STRINGS_H 1
| #define HAVE_INTTYPES_H 1
| #define HAVE_STDINT_H 1
| #define HAVE_UNISTD_H 1
| #define HAVE_DLFCN_H 1
| #define LT_OBJDIR ".libs/"
| /* end confdefs.h.  */
| #include <ac_nonexistent.h>
configure:15231: checking for ld used by g++ -std=gnu++11
configure:15298: result: /usr/bin/ld
configure:15305: checking if the linker (/usr/bin/ld) is GNU ld
configure:15320: result: yes
configure:15375: checking whether the g++ -std=gnu++11 linker (/usr/bin/ld) supports shared libraries
configure:16377: result: yes
configure:16413: g++ -std=gnu++11 -c -g -O2  conftest.cpp >&5
configure:16416: $? = 0
configure:16936: checking for g++ -std=gnu++11 option to produce PIC
configure:16943: result: -fPIC -DPIC
configure:16951: checking if g++ -std=gnu++11 PIC flag -fPIC -DPIC works
configure:16969: g++ -std=gnu++11 -c -g -O2  -fPIC -DPIC -DPIC conftest.cpp >&5
configure:16973: $? = 0
configure:16986: result: yes
configure:17009: checking if g++ -std=gnu++11 static flag -static works
configure:17037: result: yes
configure:17049: checking if g++ -std=gnu++11 supports -c -o file.o
configure:17070: g++ -std=gnu++11 -c -g -O2  -o out/conftest2.o conftest.cpp >&5
configure:17074: $? = 0
configure:17096: result: yes
configure:17101: checking if g++ -std=gnu++11 supports -c -o file.o
configure:17148: result: yes
configure:17178: checking whether the g++ -std=gnu++11 linker (/usr/bin/ld) supports shared libraries
configure:17217: result: yes
configure:17358: checking dynamic linker characteristics
configure:18026: result: GNU/Linux ld.so
configure:18079: checking how to hardcode library paths into programs
configure:18104: result: immediate
configure:18179: checking for valgrind
configure:18195: found /usr/bin/valgrind
configure:18206: result: valgrind
configure:18253: checking for Valgrind tool memcheck
configure:18267: result: memcheck
configure:18275: checking for Valgrind tool helgrind
configure:18289: result: helgrind
configure:18297: checking for Valgrind tool drd
configure:18311: result: drd
configure:18319: checking for Valgrind tool exp-sgcheck
configure:18333: result: exp-sgcheck
configure:18483: checking whether the C compiler works
configure:18499: gcc -o conftest -g -O2 -std=gnu11   conftest.c  >&5
configure:18499: $? = 0
configure:18508: result: yes
configure:18516: checking whether we are using Intel C compiler
configure:18535: gcc -c -g -O2 -std=gnu11  conftest.c >&5
conftest.c: In function 'main':
conftest.c:29:8: error: 'error' undeclared (first use in this function)
        error if not ICC
        ^
conftest.c:29:8: note: each undeclared identifier is reported only once for each function it appears in
conftest.c:29:14: error: expected ';' before 'if'
        error if not ICC
              ^
configure:18535: $? = 1
configure: failed program was:
| /* confdefs.h */
| #define PACKAGE_NAME "zeromq"
| #define PACKAGE_TARNAME "zeromq"
| #define PACKAGE_VERSION "4.2.1"
| #define PACKAGE_STRING "zeromq 4.2.1"
| #define PACKAGE_BUGREPORT "zeromq-dev@lists.zeromq.org"
| #define PACKAGE_URL ""
| #define PACKAGE "zeromq"
| #define VERSION "4.2.1"
| #define HAVE_CXX11 1
| #define STDC_HEADERS 1
| #define HAVE_SYS_TYPES_H 1
| #define HAVE_SYS_STAT_H 1
| #define HAVE_STDLIB_H 1
| #define HAVE_STRING_H 1
| #define HAVE_MEMORY_H 1
| #define HAVE_STRINGS_H 1
| #define HAVE_INTTYPES_H 1
| #define HAVE_STDINT_H 1
| #define HAVE_UNISTD_H 1
| #define HAVE_DLFCN_H 1
| #define LT_OBJDIR ".libs/"
| /* end confdefs.h.  */
| 
| int
| main ()
| {
| #ifndef __INTEL_COMPILER
|        error if not ICC
| #endif
| 
|   ;
|   return 0;
| }
configure:18543: result: no
configure:18545: checking whether we are using Sun Studio C compiler
configure:18564: gcc -c -g -O2 -std=gnu11  conftest.c >&5
conftest.c: In function 'main':
conftest.c:29:8: error: 'error' undeclared (first use in this function)
        error if not sun studio
        ^
conftest.c:29:8: note: each undeclared identifier is reported only once for each function it appears in
conftest.c:29:14: error: expected ';' before 'if'
        error if not sun studio
              ^
configure:18564: $? = 1
configure: failed program was:
| /* confdefs.h */
| #define PACKAGE_NAME "zeromq"
| #define PACKAGE_TARNAME "zeromq"
| #define PACKAGE_VERSION "4.2.1"
| #define PACKAGE_STRING "zeromq 4.2.1"
| #define PACKAGE_BUGREPORT "zeromq-dev@lists.zeromq.org"
| #define PACKAGE_URL ""
| #define PACKAGE "zeromq"
| #define VERSION "4.2.1"
| #define HAVE_CXX11 1
| #define STDC_HEADERS 1
| #define HAVE_SYS_TYPES_H 1
| #define HAVE_SYS_STAT_H 1
| #define HAVE_STDLIB_H 1
| #define HAVE_STRING_H 1
| #define HAVE_MEMORY_H 1
| #define HAVE_STRINGS_H 1
| #define HAVE_INTTYPES_H 1
| #define HAVE_STDINT_H 1
| #define HAVE_UNISTD_H 1
| #define HAVE_DLFCN_H 1
| #define LT_OBJDIR ".libs/"
| /* end confdefs.h.  */
| 
| int
| main ()
| {
| #if !defined(__SUNPRO_CC) && !defined(__SUNPRO_C)
|        error if not sun studio
| #endif
| 
|   ;
|   return 0;
| }
configure:18572: result: no
configure:18574: checking whether we are using clang C compiler
configure:18593: gcc -c -g -O2 -std=gnu11  conftest.c >&5
conftest.c: In function 'main':
conftest.c:29:8: error: 'error' undeclared (first use in this function)
        error if not clang
        ^
conftest.c:29:8: note: each undeclared identifier is reported only once for each function it appears in
conftest.c:29:14: error: expected ';' before 'if'
        error if not clang
              ^
configure:18593: $? = 1
configure: failed program was:
| /* confdefs.h */
| #define PACKAGE_NAME "zeromq"
| #define PACKAGE_TARNAME "zeromq"
| #define PACKAGE_VERSION "4.2.1"
| #define PACKAGE_STRING "zeromq 4.2.1"
| #define PACKAGE_BUGREPORT "zeromq-dev@lists.zeromq.org"
| #define PACKAGE_URL ""
| #define PACKAGE "zeromq"
| #define VERSION "4.2.1"
| #define HAVE_CXX11 1
| #define STDC_HEADERS 1
| #define HAVE_SYS_TYPES_H 1
| #define HAVE_SYS_STAT_H 1
| #define HAVE_STDLIB_H 1
| #define HAVE_STRING_H 1
| #define HAVE_MEMORY_H 1
| #define HAVE_STRINGS_H 1
| #define HAVE_INTTYPES_H 1
| #define HAVE_STDINT_H 1
| #define HAVE_UNISTD_H 1
| #define HAVE_DLFCN_H 1
| #define LT_OBJDIR ".libs/"
| /* end confdefs.h.  */
| 
| int
| main ()
| {
| #ifndef __clang__
|        error if not clang
| #endif
| 
|   ;
|   return 0;
| }
configure:18601: result: no
configure:18603: checking whether we are using gcc >= 4 C compiler
configure:18622: gcc -c -g -O2 -std=gnu11  conftest.c >&5
configure:18622: $? = 0
configure:18630: result: yes
configure:18647: checking whether the C++ compiler works
configure:18663: g++ -std=gnu++11 -o conftest -g -O2   conftest.cpp  >&5
configure:18663: $? = 0
configure:18672: result: yes
configure:18680: checking whether we are using Intel C++ compiler
configure:18699: g++ -std=gnu++11 -c -g -O2  conftest.cpp >&5
conftest.cpp: In function 'int main()':
conftest.cpp:29:8: error: 'error' was not declared in this scope
        error if not ICC
        ^
conftest.cpp:29:14: error: expected ';' before 'if'
        error if not ICC
              ^
configure:18699: $? = 1
configure: failed program was:
| /* confdefs.h */
| #define PACKAGE_NAME "zeromq"
| #define PACKAGE_TARNAME "zeromq"
| #define PACKAGE_VERSION "4.2.1"
| #define PACKAGE_STRING "zeromq 4.2.1"
| #define PACKAGE_BUGREPORT "zeromq-dev@lists.zeromq.org"
| #define PACKAGE_URL ""
| #define PACKAGE "zeromq"
| #define VERSION "4.2.1"
| #define HAVE_CXX11 1
| #define STDC_HEADERS 1
| #define HAVE_SYS_TYPES_H 1
| #define HAVE_SYS_STAT_H 1
| #define HAVE_STDLIB_H 1
| #define HAVE_STRING_H 1
| #define HAVE_MEMORY_H 1
| #define HAVE_STRINGS_H 1
| #define HAVE_INTTYPES_H 1
| #define HAVE_STDINT_H 1
| #define HAVE_UNISTD_H 1
| #define HAVE_DLFCN_H 1
| #define LT_OBJDIR ".libs/"
| /* end confdefs.h.  */
| 
| int
| main ()
| {
| #ifndef __INTEL_COMPILER
|        error if not ICC
| #endif
| 
|   ;
|   return 0;
| }
configure:18707: result: no
configure:18709: checking whether we are using Sun Studio C++ compiler
configure:18728: g++ -std=gnu++11 -c -g -O2  conftest.cpp >&5
conftest.cpp: In function 'int main()':
conftest.cpp:29:8: error: 'error' was not declared in this scope
        error if not sun studio
        ^
conftest.cpp:29:14: error: expected ';' before 'if'
        error if not sun studio
              ^
configure:18728: $? = 1
configure: failed program was:
| /* confdefs.h */
| #define PACKAGE_NAME "zeromq"
| #define PACKAGE_TARNAME "zeromq"
| #define PACKAGE_VERSION "4.2.1"
| #define PACKAGE_STRING "zeromq 4.2.1"
| #define PACKAGE_BUGREPORT "zeromq-dev@lists.zeromq.org"
| #define PACKAGE_URL ""
| #define PACKAGE "zeromq"
| #define VERSION "4.2.1"
| #define HAVE_CXX11 1
| #define STDC_HEADERS 1
| #define HAVE_SYS_TYPES_H 1
| #define HAVE_SYS_STAT_H 1
| #define HAVE_STDLIB_H 1
| #define HAVE_STRING_H 1
| #define HAVE_MEMORY_H 1
| #define HAVE_STRINGS_H 1
| #define HAVE_INTTYPES_H 1
| #define HAVE_STDINT_H 1
| #define HAVE_UNISTD_H 1
| #define HAVE_DLFCN_H 1
| #define LT_OBJDIR ".libs/"
| /* end confdefs.h.  */
| 
| int
| main ()
| {
| #if !defined(__SUNPRO_CC) && !defined(__SUNPRO_C)
|        error if not sun studio
| #endif
| 
|   ;
|   return 0;
| }
configure:18736: result: no
configure:18738: checking whether we are using clang C++ compiler
configure:18757: g++ -std=gnu++11 -c -g -O2  conftest.cpp >&5
conftest.cpp: In function 'int main()':
conftest.cpp:29:8: error: 'error' was not declared in this scope
        error if not clang
        ^
conftest.cpp:29:14: error: expected ';' before 'if'
        error if not clang
              ^
configure:18757: $? = 1
configure: failed program was:
| /* confdefs.h */
| #define PACKAGE_NAME "zeromq"
| #define PACKAGE_TARNAME "zeromq"
| #define PACKAGE_VERSION "4.2.1"
| #define PACKAGE_STRING "zeromq 4.2.1"
| #define PACKAGE_BUGREPORT "zeromq-dev@lists.zeromq.org"
| #define PACKAGE_URL ""
| #define PACKAGE "zeromq"
| #define VERSION "4.2.1"
| #define HAVE_CXX11 1
| #define STDC_HEADERS 1
| #define HAVE_SYS_TYPES_H 1
| #define HAVE_SYS_STAT_H 1
| #define HAVE_STDLIB_H 1
| #define HAVE_STRING_H 1
| #define HAVE_MEMORY_H 1
| #define HAVE_STRINGS_H 1
| #define HAVE_INTTYPES_H 1
| #define HAVE_STDINT_H 1
| #define HAVE_UNISTD_H 1
| #define HAVE_DLFCN_H 1
| #define LT_OBJDIR ".libs/"
| /* end confdefs.h.  */
| 
| int
| main ()
| {
| #ifndef __clang__
|        error if not clang
| #endif
| 
|   ;
|   return 0;
| }
configure:18765: result: no
configure:18767: checking whether we are using gcc >= 4 C++ compiler
configure:18786: g++ -std=gnu++11 -c -g -O2  conftest.cpp >&5
configure:18786: $? = 0
configure:18794: result: yes
configure:18828: checking whether to enable debugging information
configure:18866: result: no
configure:18883: checking whether to enable code coverage
configure:18914: result: no
configure:18919: checking if TIPC is available and supports nonblocking connect
configure:18960: gcc -o conftest -g -O2 -std=gnu11   conftest.c  >&5
configure:18960: $? = 0
configure:18960: ./conftest
configure:18960: $? = 255
configure: program exited with status 255
configure: failed program was:
| /* confdefs.h */
| #define PACKAGE_NAME "zeromq"
| #define PACKAGE_TARNAME "zeromq"
| #define PACKAGE_VERSION "4.2.1"
| #define PACKAGE_STRING "zeromq 4.2.1"
| #define PACKAGE_BUGREPORT "zeromq-dev@lists.zeromq.org"
| #define PACKAGE_URL ""
| #define PACKAGE "zeromq"
| #define VERSION "4.2.1"
| #define HAVE_CXX11 1
| #define STDC_HEADERS 1
| #define HAVE_SYS_TYPES_H 1
| #define HAVE_SYS_STAT_H 1
| #define HAVE_STDLIB_H 1
| #define HAVE_STRING_H 1
| #define HAVE_MEMORY_H 1
| #define HAVE_STRINGS_H 1
| #define HAVE_INTTYPES_H 1
| #define HAVE_STDINT_H 1
| #define HAVE_UNISTD_H 1
| #define HAVE_DLFCN_H 1
| #define LT_OBJDIR ".libs/"
| /* end confdefs.h.  */
| 
|             #include <stdlib.h>
|             #include <string.h>
|             #include <fcntl.h>
|             #include <errno.h>
|             #include <sys/socket.h>
|             #include <linux/tipc.h>
| 
| int
| main ()
| {
| 
|             struct sockaddr_tipc topsrv;
|             int sd = socket(AF_TIPC, SOCK_SEQPACKET, 0);
|             if (sd == -EAFNOSUPPORT) {
|                 return 1;
|             }
|             memset(&topsrv, 0, sizeof(topsrv));
|             topsrv.family = AF_TIPC;
|             topsrv.addrtype = TIPC_ADDR_NAME;
|             topsrv.addr.name.name.type = TIPC_TOP_SRV;
|             topsrv.addr.name.name.instance = TIPC_TOP_SRV;
|             fcntl(sd, F_SETFL, O_NONBLOCK);
|             if (connect(sd, (struct sockaddr *)&topsrv, sizeof(topsrv)) != 0) {
|                 if (errno != EINPROGRESS)
|                     return -1;
|             }
| 
|   ;
|   return 0;
| }
| 
configure:18970: result: no
configure:19030: checking for library containing dladdr
configure:19061: gcc -o conftest -g -O2 -std=gnu11 -D_GNU_SOURCE -D_REENTRANT -D_THREAD_SAFE -Wno-long-long   conftest.c  >&5
/tmp/ccxYgSF9.o: In function `main':
/home/plasma/Documents/src/cncremote/libraries/zeromq-4.2.1/conftest.c:36: undefined reference to `dladdr'
collect2: error: ld returned 1 exit status
configure:19061: $? = 1
configure: failed program was:
| /* confdefs.h */
| #define PACKAGE_NAME "zeromq"
| #define PACKAGE_TARNAME "zeromq"
| #define PACKAGE_VERSION "4.2.1"
| #define PACKAGE_STRING "zeromq 4.2.1"
| #define PACKAGE_BUGREPORT "zeromq-dev@lists.zeromq.org"
| #define PACKAGE_URL ""
| #define PACKAGE "zeromq"
| #define VERSION "4.2.1"
| #define HAVE_CXX11 1
| #define STDC_HEADERS 1
| #define HAVE_SYS_TYPES_H 1
| #define HAVE_SYS_STAT_H 1
| #define HAVE_STDLIB_H 1
| #define HAVE_STRING_H 1
| #define HAVE_MEMORY_H 1
| #define HAVE_STRINGS_H 1
| #define HAVE_INTTYPES_H 1
| #define HAVE_STDINT_H 1
| #define HAVE_UNISTD_H 1
| #define HAVE_DLFCN_H 1
| #define LT_OBJDIR ".libs/"
| #define ZMQ_HAVE_LINUX 1
| /* end confdefs.h.  */
| 
| /* Override any GCC internal prototype to avoid an error.
|    Use char because int might match the return type of a GCC
|    builtin and then its argument prototype would still apply.  */
| #ifdef __cplusplus
| extern "C"
| #endif
| char dladdr ();
| int
| main ()
| {
| return dladdr ();
|   ;
|   return 0;
| }
configure:19061: gcc -o conftest -g -O2 -std=gnu11 -D_GNU_SOURCE -D_REENTRANT -D_THREAD_SAFE -Wno-long-long   conftest.c -ldl   >&5
configure:19061: $? = 0
configure:19078: result: -ldl
configure:19801: checking for pthread_create in -lpthread
configure:19826: gcc -o conftest -g -O2 -std=gnu11 -D_GNU_SOURCE -D_REENTRANT -D_THREAD_SAFE -Wno-long-long   conftest.c -lpthread  -ldl  >&5
configure:19826: $? = 0
configure:19835: result: yes
configure:19846: checking for clock_gettime in -lrt
configure:19871: gcc -o conftest -g -O2 -std=gnu11 -D_GNU_SOURCE -D_REENTRANT -D_THREAD_SAFE -Wno-long-long   conftest.c -lrt  -lpthread -ldl  >&5
configure:19871: $? = 0
configure:19880: result: yes
configure:19913: checking whether C++ compiler supports -fvisibility=hidden
configure:19945: g++ -std=gnu++11 -c -g -O2 -D_GNU_SOURCE -D_REENTRANT -D_THREAD_SAFE -Wno-long-long  -fvisibility=hidden conftest.cpp >&5
configure:19945: $? = 0
configure:19976: result: yes
configure:20062: checking whether C++ compiler supports dso visibility
configure:20066: result: yes
configure:20222: checking for asciidoc
configure:20250: result: no
configure:20260: checking for xmlto
configure:20288: result: no
configure:20314: checking whether to build documentation
configure:20316: result: no
configure:20319: checking whether to install manpages
configure:20321: result: yes
configure:20363: Choosing polling system from 'kqueue epoll devpoll pollset poll select'...
configure:20389: gcc -o conftest -g -O2 -std=gnu11 -D_GNU_SOURCE -D_REENTRANT -D_THREAD_SAFE -Wno-long-long   conftest.c -lrt -lpthread -ldl  >&5
conftest.c:30:23: fatal error: sys/event.h: No such file or directory
 #include <sys/event.h>
                       ^
compilation terminated.
configure:20389: $? = 1
configure: failed program was:
| /* confdefs.h */
| #define PACKAGE_NAME "zeromq"
| #define PACKAGE_TARNAME "zeromq"
| #define PACKAGE_VERSION "4.2.1"
| #define PACKAGE_STRING "zeromq 4.2.1"
| #define PACKAGE_BUGREPORT "zeromq-dev@lists.zeromq.org"
| #define PACKAGE_URL ""
| #define PACKAGE "zeromq"
| #define VERSION "4.2.1"
| #define HAVE_CXX11 1
| #define STDC_HEADERS 1
| #define HAVE_SYS_TYPES_H 1
| #define HAVE_SYS_STAT_H 1
| #define HAVE_STDLIB_H 1
| #define HAVE_STRING_H 1
| #define HAVE_MEMORY_H 1
| #define HAVE_STRINGS_H 1
| #define HAVE_INTTYPES_H 1
| #define HAVE_STDINT_H 1
| #define HAVE_UNISTD_H 1
| #define HAVE_DLFCN_H 1
| #define LT_OBJDIR ".libs/"
| #define ZMQ_HAVE_LINUX 1
| #define HAVE_LIBPTHREAD 1
| #define HAVE_LIBRT 1
| /* end confdefs.h.  */
| 
| 
| #include <sys/types.h>
| #include <sys/event.h>
| #include <sys/time.h>
| 
| int
| main ()
| {
| 
| struct kevent t_kev;
| kqueue();
| 
|   ;
|   return 0;
| }
configure:20534: gcc -o conftest -g -O2 -std=gnu11 -D_GNU_SOURCE -D_REENTRANT -D_THREAD_SAFE -Wno-long-long   conftest.c -lrt -lpthread -ldl  >&5
configure:20534: $? = 0
configure:20534: ./conftest
configure:20534: $? = 0
configure:20536: Using 'epoll' polling system with CLOEXEC
configure:20778: checking for ANSI C header files
configure:20882: result: yes
configure:20905: checking errno.h usability
configure:20905: gcc -c -g -O2 -std=gnu11 -D_GNU_SOURCE -D_REENTRANT -D_THREAD_SAFE -Wno-long-long  conftest.c >&5
configure:20905: $? = 0
configure:20905: result: yes
configure:20905: checking errno.h presence
configure:20905: gcc -E -D_GNU_SOURCE -D_REENTRANT -D_THREAD_SAFE -Wno-long-long  conftest.c
configure:20905: $? = 0
configure:20905: result: yes
configure:20905: checking for errno.h
configure:20905: result: yes
configure:20905: checking time.h usability
configure:20905: gcc -c -g -O2 -std=gnu11 -D_GNU_SOURCE -D_REENTRANT -D_THREAD_SAFE -Wno-long-long  conftest.c >&5
configure:20905: $? = 0
configure:20905: result: yes
configure:20905: checking time.h presence
configure:20905: gcc -E -D_GNU_SOURCE -D_REENTRANT -D_THREAD_SAFE -Wno-long-long  conftest.c
configure:20905: $? = 0
configure:20905: result: yes
configure:20905: checking for time.h
configure:20905: result: yes
configure:20905: checking for unistd.h
configure:20905: result: yes
configure:20905: checking limits.h usability
configure:20905: gcc -c -g -O2 -std=gnu11 -D_GNU_SOURCE -D_REENTRANT -D_THREAD_SAFE -Wno-long-long  conftest.c >&5
configure:20905: $? = 0
configure:20905: result: yes
configure:20905: checking limits.h presence
configure:20905: gcc -E -D_GNU_SOURCE -D_REENTRANT -D_THREAD_SAFE -Wno-long-long  conftest.c
configure:20905: $? = 0
configure:20905: result: yes
configure:20905: checking for limits.h
configure:20905: result: yes
configure:20905: checking stddef.h usability
configure:20905: gcc -c -g -O2 -std=gnu11 -D_GNU_SOURCE -D_REENTRANT -D_THREAD_SAFE -Wno-long-long  conftest.c >&5
configure:20905: $? = 0
configure:20905: result: yes
configure:20905: checking stddef.h presence
configure:20905: gcc -E -D_GNU_SOURCE -D_REENTRANT -D_THREAD_SAFE -Wno-long-long  conftest.c
configure:20905: $? = 0
configure:20905: result: yes
configure:20905: checking for stddef.h
configure:20905: result: yes
configure:20905: checking for stdlib.h
configure:20905: result: yes
configure:20905: checking for string.h
configure:20905: result: yes
configure:20905: checking arpa/inet.h usability
configure:20905: gcc -c -g -O2 -std=gnu11 -D_GNU_SOURCE -D_REENTRANT -D_THREAD_SAFE -Wno-long-long  conftest.c >&5
configure:20905: $? = 0
configure:20905: result: yes
configure:20905: checking arpa/inet.h presence
configure:20905: gcc -E -D_GNU_SOURCE -D_REENTRANT -D_THREAD_SAFE -Wno-long-long  conftest.c
configure:20905: $? = 0
configure:20905: result: yes
configure:20905: checking for arpa/inet.h
configure:20905: result: yes
configure:20905: checking netinet/tcp.h usability
configure:20905: gcc -c -g -O2 -std=gnu11 -D_GNU_SOURCE -D_REENTRANT -D_THREAD_SAFE -Wno-long-long  conftest.c >&5
configure:20905: $? = 0
configure:20905: result: yes
configure:20905: checking netinet/tcp.h presence
configure:20905: gcc -E -D_GNU_SOURCE -D_REENTRANT -D_THREAD_SAFE -Wno-long-long  conftest.c
configure:20905: $? = 0
configure:20905: result: yes
configure:20905: checking for netinet/tcp.h
configure:20905: result: yes
configure:20905: checking netinet/in.h usability
configure:20905: gcc -c -g -O2 -std=gnu11 -D_GNU_SOURCE -D_REENTRANT -D_THREAD_SAFE -Wno-long-long  conftest.c >&5
configure:20905: $? = 0
configure:20905: result: yes
configure:20905: checking netinet/in.h presence
configure:20905: gcc -E -D_GNU_SOURCE -D_REENTRANT -D_THREAD_SAFE -Wno-long-long  conftest.c
configure:20905: $? = 0
configure:20905: result: yes
configure:20905: checking for netinet/in.h
configure:20905: result: yes
configure:20905: checking sys/socket.h usability
configure:20905: gcc -c -g -O2 -std=gnu11 -D_GNU_SOURCE -D_REENTRANT -D_THREAD_SAFE -Wno-long-long  conftest.c >&5
configure:20905: $? = 0
configure:20905: result: yes
configure:20905: checking sys/socket.h presence
configure:20905: gcc -E -D_GNU_SOURCE -D_REENTRANT -D_THREAD_SAFE -Wno-long-long  conftest.c
configure:20905: $? = 0
configure:20905: result: yes
configure:20905: checking for sys/socket.h
configure:20905: result: yes
configure:20905: checking sys/time.h usability
configure:20905: gcc -c -g -O2 -std=gnu11 -D_GNU_SOURCE -D_REENTRANT -D_THREAD_SAFE -Wno-long-long  conftest.c >&5
configure:20905: $? = 0
configure:20905: result: yes
configure:20905: checking sys/time.h presence
configure:20905: gcc -E -D_GNU_SOURCE -D_REENTRANT -D_THREAD_SAFE -Wno-long-long  conftest.c
configure:20905: $? = 0
configure:20905: result: yes
configure:20905: checking for sys/time.h
configure:20905: result: yes
configure:20919: checking ifaddrs.h usability
configure:20919: gcc -c -g -O2 -std=gnu11 -D_GNU_SOURCE -D_REENTRANT -D_THREAD_SAFE -Wno-long-long  conftest.c >&5
configure:20919: $? = 0
configure:20919: result: yes
configure:20919: checking ifaddrs.h presence
configure:20919: gcc -E -D_GNU_SOURCE -D_REENTRANT -D_THREAD_SAFE -Wno-long-long  conftest.c
configure:20919: $? = 0
configure:20919: result: yes
configure:20919: checking for ifaddrs.h
configure:20919: result: yes
configure:20935: checking sys/uio.h usability
configure:20935: gcc -c -g -O2 -std=gnu11 -D_GNU_SOURCE -D_REENTRANT -D_THREAD_SAFE -Wno-long-long  conftest.c >&5
configure:20935: $? = 0
configure:20935: result: yes
configure:20935: checking sys/uio.h presence
configure:20935: gcc -E -D_GNU_SOURCE -D_REENTRANT -D_THREAD_SAFE -Wno-long-long  conftest.c
configure:20935: $? = 0
configure:20935: result: yes
configure:20935: checking for sys/uio.h
configure:20935: result: yes
configure:20961: checking sys/eventfd.h usability
configure:20961: gcc -c -g -O2 -std=gnu11 -D_GNU_SOURCE -D_REENTRANT -D_THREAD_SAFE -Wno-long-long  conftest.c >&5
configure:20961: $? = 0
configure:20961: result: yes
configure:20961: checking sys/eventfd.h presence
configure:20961: gcc -E -D_GNU_SOURCE -D_REENTRANT -D_THREAD_SAFE -Wno-long-long  conftest.c
configure:20961: $? = 0
configure:20961: result: yes
configure:20961: checking for sys/eventfd.h
configure:20961: result: yes
configure:20971: checking whether EFD_CLOEXEC is supported
configure:20992: gcc -o conftest -g -O2 -std=gnu11 -D_GNU_SOURCE -D_REENTRANT -D_THREAD_SAFE -Wno-long-long   conftest.c -lrt -lpthread -ldl  >&5
configure:20992: $? = 0
configure:20992: ./conftest
configure:20992: $? = 0
configure:21003: result: yes
configure:21055: checking whether SO_PEERCRED is declared
configure:21055: g++ -std=gnu++11 -c -g -O2 -D_GNU_SOURCE -D_REENTRANT -D_THREAD_SAFE -Wno-long-long  conftest.cpp >&5
configure:21055: $? = 0
configure:21055: result: yes
configure:21073: checking whether LOCAL_PEERCRED is declared
configure:21073: g++ -std=gnu++11 -c -g -O2 -D_GNU_SOURCE -D_REENTRANT -D_THREAD_SAFE -Wno-long-long  conftest.cpp >&5
conftest.cpp: In function 'int main()':
conftest.cpp:58:10: error: 'LOCAL_PEERCRED' was not declared in this scope
   (void) LOCAL_PEERCRED;
          ^
configure:21073: $? = 1
configure: failed program was:
| /* confdefs.h */
| #define PACKAGE_NAME "zeromq"
| #define PACKAGE_TARNAME "zeromq"
| #define PACKAGE_VERSION "4.2.1"
| #define PACKAGE_STRING "zeromq 4.2.1"
| #define PACKAGE_BUGREPORT "zeromq-dev@lists.zeromq.org"
| #define PACKAGE_URL ""
| #define PACKAGE "zeromq"
| #define VERSION "4.2.1"
| #define HAVE_CXX11 1
| #define STDC_HEADERS 1
| #define HAVE_SYS_TYPES_H 1
| #define HAVE_SYS_STAT_H 1
| #define HAVE_STDLIB_H 1
| #define HAVE_STRING_H 1
| #define HAVE_MEMORY_H 1
| #define HAVE_STRINGS_H 1
| #define HAVE_INTTYPES_H 1
| #define HAVE_STDINT_H 1
| #define HAVE_UNISTD_H 1
| #define HAVE_DLFCN_H 1
| #define LT_OBJDIR ".libs/"
| #define ZMQ_HAVE_LINUX 1
| #define HAVE_LIBPTHREAD 1
| #define HAVE_LIBRT 1
| #define ZMQ_USE_EPOLL 1
| #define ZMQ_USE_EPOLL_CLOEXEC 1
| #define STDC_HEADERS 1
| #define HAVE_ERRNO_H 1
| #define HAVE_TIME_H 1
| #define HAVE_UNISTD_H 1
| #define HAVE_LIMITS_H 1
| #define HAVE_STDDEF_H 1
| #define HAVE_STDLIB_H 1
| #define HAVE_STRING_H 1
| #define HAVE_ARPA_INET_H 1
| #define HAVE_NETINET_TCP_H 1
| #define HAVE_NETINET_IN_H 1
| #define HAVE_SYS_SOCKET_H 1
| #define HAVE_SYS_TIME_H 1
| #define HAVE_IFADDRS_H 1
| #define ZMQ_HAVE_IFADDRS 1
| #define HAVE_SYS_UIO_H 1
| #define ZMQ_HAVE_UIO 1
| #define HAVE_SYS_EVENTFD_H 1
| #define ZMQ_HAVE_EVENTFD 1
| #define ZMQ_HAVE_EVENTFD_CLOEXEC 1
| #define HAVE_DECL_SO_PEERCRED 1
| #define ZMQ_HAVE_SO_PEERCRED 1
| /* end confdefs.h.  */
| #include <sys/socket.h>
| 
| int
| main ()
| {
| #ifndef LOCAL_PEERCRED
| #ifdef __cplusplus
|   (void) LOCAL_PEERCRED;
| #else
|   (void) LOCAL_PEERCRED;
| #endif
| #endif
| 
|   ;
|   return 0;
| }
configure:21073: result: no
configure:21100: checking for stdbool.h that conforms to C99
configure:21167: g++ -std=gnu++11 -c -g -O2 -D_GNU_SOURCE -D_REENTRANT -D_THREAD_SAFE -Wno-long-long  conftest.cpp >&5
configure:21167: $? = 0
configure:21174: result: yes
configure:21176: checking for _Bool
configure:21176: g++ -std=gnu++11 -c -g -O2 -D_GNU_SOURCE -D_REENTRANT -D_THREAD_SAFE -Wno-long-long  conftest.cpp >&5
conftest.cpp: In function 'int main()':
conftest.cpp:88:13: error: '_Bool' was not declared in this scope
 if (sizeof (_Bool))
             ^
configure:21176: $? = 1
configure: failed program was:
| /* confdefs.h */
| #define PACKAGE_NAME "zeromq"
| #define PACKAGE_TARNAME "zeromq"
| #define PACKAGE_VERSION "4.2.1"
| #define PACKAGE_STRING "zeromq 4.2.1"
| #define PACKAGE_BUGREPORT "zeromq-dev@lists.zeromq.org"
| #define PACKAGE_URL ""
| #define PACKAGE "zeromq"
| #define VERSION "4.2.1"
| #define HAVE_CXX11 1
| #define STDC_HEADERS 1
| #define HAVE_SYS_TYPES_H 1
| #define HAVE_SYS_STAT_H 1
| #define HAVE_STDLIB_H 1
| #define HAVE_STRING_H 1
| #define HAVE_MEMORY_H 1
| #define HAVE_STRINGS_H 1
| #define HAVE_INTTYPES_H 1
| #define HAVE_STDINT_H 1
| #define HAVE_UNISTD_H 1
| #define HAVE_DLFCN_H 1
| #define LT_OBJDIR ".libs/"
| #define ZMQ_HAVE_LINUX 1
| #define HAVE_LIBPTHREAD 1
| #define HAVE_LIBRT 1
| #define ZMQ_USE_EPOLL 1
| #define ZMQ_USE_EPOLL_CLOEXEC 1
| #define STDC_HEADERS 1
| #define HAVE_ERRNO_H 1
| #define HAVE_TIME_H 1
| #define HAVE_UNISTD_H 1
| #define HAVE_LIMITS_H 1
| #define HAVE_STDDEF_H 1
| #define HAVE_STDLIB_H 1
| #define HAVE_STRING_H 1
| #define HAVE_ARPA_INET_H 1
| #define HAVE_NETINET_TCP_H 1
| #define HAVE_NETINET_IN_H 1
| #define HAVE_SYS_SOCKET_H 1
| #define HAVE_SYS_TIME_H 1
| #define HAVE_IFADDRS_H 1
| #define ZMQ_HAVE_IFADDRS 1
| #define HAVE_SYS_UIO_H 1
| #define ZMQ_HAVE_UIO 1
| #define HAVE_SYS_EVENTFD_H 1
| #define ZMQ_HAVE_EVENTFD 1
| #define ZMQ_HAVE_EVENTFD_CLOEXEC 1
| #define HAVE_DECL_SO_PEERCRED 1
| #define ZMQ_HAVE_SO_PEERCRED 1
| #define HAVE_DECL_LOCAL_PEERCRED 0
| /* end confdefs.h.  */
| #include <stdio.h>
| #ifdef HAVE_SYS_TYPES_H
| # include <sys/types.h>
| #endif
| #ifdef HAVE_SYS_STAT_H
| # include <sys/stat.h>
| #endif
| #ifdef STDC_HEADERS
| # include <stdlib.h>
| # include <stddef.h>
| #else
| # ifdef HAVE_STDLIB_H
| #  include <stdlib.h>
| # endif
| #endif
| #ifdef HAVE_STRING_H
| # if !defined STDC_HEADERS && defined HAVE_MEMORY_H
| #  include <memory.h>
| # endif
| # include <string.h>
| #endif
| #ifdef HAVE_STRINGS_H
| # include <strings.h>
| #endif
| #ifdef HAVE_INTTYPES_H
| # include <inttypes.h>
| #endif
| #ifdef HAVE_STDINT_H
| # include <stdint.h>
| #endif
| #ifdef HAVE_UNISTD_H
| # include <unistd.h>
| #endif
| int
| main ()
| {
| if (sizeof (_Bool))
| 	 return 0;
|   ;
|   return 0;
| }
configure:21176: result: no
configure:21193: checking for an ANSI C-conforming const
configure:21259: g++ -std=gnu++11 -c -g -O2 -D_GNU_SOURCE -D_REENTRANT -D_THREAD_SAFE -Wno-long-long  conftest.cpp >&5
configure:21259: $? = 0
configure:21266: result: yes
configure:21274: checking for inline
configure:21290: g++ -std=gnu++11 -c -g -O2 -D_GNU_SOURCE -D_REENTRANT -D_THREAD_SAFE -Wno-long-long  conftest.cpp >&5
configure:21290: $? = 0
configure:21298: result: inline
configure:21366: checking for size_t
configure:21366: g++ -std=gnu++11 -c -g -O2 -D_GNU_SOURCE -D_REENTRANT -D_THREAD_SAFE -Wno-long-long  conftest.cpp >&5
configure:21366: $? = 0
configure:21366: g++ -std=gnu++11 -c -g -O2 -D_GNU_SOURCE -D_REENTRANT -D_THREAD_SAFE -Wno-long-long  conftest.cpp >&5
conftest.cpp: In function 'int main()':
conftest.cpp:89:20: error: expected primary-expression before ')' token
 if (sizeof ((size_t)))
                    ^
configure:21366: $? = 1
configure: failed program was:
| /* confdefs.h */
| #define PACKAGE_NAME "zeromq"
| #define PACKAGE_TARNAME "zeromq"
| #define PACKAGE_VERSION "4.2.1"
| #define PACKAGE_STRING "zeromq 4.2.1"
| #define PACKAGE_BUGREPORT "zeromq-dev@lists.zeromq.org"
| #define PACKAGE_URL ""
| #define PACKAGE "zeromq"
| #define VERSION "4.2.1"
| #define HAVE_CXX11 1
| #define STDC_HEADERS 1
| #define HAVE_SYS_TYPES_H 1
| #define HAVE_SYS_STAT_H 1
| #define HAVE_STDLIB_H 1
| #define HAVE_STRING_H 1
| #define HAVE_MEMORY_H 1
| #define HAVE_STRINGS_H 1
| #define HAVE_INTTYPES_H 1
| #define HAVE_STDINT_H 1
| #define HAVE_UNISTD_H 1
| #define HAVE_DLFCN_H 1
| #define LT_OBJDIR ".libs/"
| #define ZMQ_HAVE_LINUX 1
| #define HAVE_LIBPTHREAD 1
| #define HAVE_LIBRT 1
| #define ZMQ_USE_EPOLL 1
| #define ZMQ_USE_EPOLL_CLOEXEC 1
| #define STDC_HEADERS 1
| #define HAVE_ERRNO_H 1
| #define HAVE_TIME_H 1
| #define HAVE_UNISTD_H 1
| #define HAVE_LIMITS_H 1
| #define HAVE_STDDEF_H 1
| #define HAVE_STDLIB_H 1
| #define HAVE_STRING_H 1
| #define HAVE_ARPA_INET_H 1
| #define HAVE_NETINET_TCP_H 1
| #define HAVE_NETINET_IN_H 1
| #define HAVE_SYS_SOCKET_H 1
| #define HAVE_SYS_TIME_H 1
| #define HAVE_IFADDRS_H 1
| #define ZMQ_HAVE_IFADDRS 1
| #define HAVE_SYS_UIO_H 1
| #define ZMQ_HAVE_UIO 1
| #define HAVE_SYS_EVENTFD_H 1
| #define ZMQ_HAVE_EVENTFD 1
| #define ZMQ_HAVE_EVENTFD_CLOEXEC 1
| #define HAVE_DECL_SO_PEERCRED 1
| #define ZMQ_HAVE_SO_PEERCRED 1
| #define HAVE_DECL_LOCAL_PEERCRED 0
| #define HAVE_STDBOOL_H 1
| /* end confdefs.h.  */
| #include <stdio.h>
| #ifdef HAVE_SYS_TYPES_H
| # include <sys/types.h>
| #endif
| #ifdef HAVE_SYS_STAT_H
| # include <sys/stat.h>
| #endif
| #ifdef STDC_HEADERS
| # include <stdlib.h>
| # include <stddef.h>
| #else
| # ifdef HAVE_STDLIB_H
| #  include <stdlib.h>
| # endif
| #endif
| #ifdef HAVE_STRING_H
| # if !defined STDC_HEADERS && defined HAVE_MEMORY_H
| #  include <memory.h>
| # endif
| # include <string.h>
| #endif
| #ifdef HAVE_STRINGS_H
| # include <strings.h>
| #endif
| #ifdef HAVE_INTTYPES_H
| # include <inttypes.h>
| #endif
| #ifdef HAVE_STDINT_H
| # include <stdint.h>
| #endif
| #ifdef HAVE_UNISTD_H
| # include <unistd.h>
| #endif
| int
| main ()
| {
| if (sizeof ((size_t)))
| 	    return 0;
|   ;
|   return 0;
| }
configure:21366: result: yes
configure:21377: checking for ssize_t
configure:21377: g++ -std=gnu++11 -c -g -O2 -D_GNU_SOURCE -D_REENTRANT -D_THREAD_SAFE -Wno-long-long  conftest.cpp >&5
configure:21377: $? = 0
configure:21377: g++ -std=gnu++11 -c -g -O2 -D_GNU_SOURCE -D_REENTRANT -D_THREAD_SAFE -Wno-long-long  conftest.cpp >&5
conftest.cpp: In function 'int main()':
conftest.cpp:89:21: error: expected primary-expression before ')' token
 if (sizeof ((ssize_t)))
                     ^
configure:21377: $? = 1
configure: failed program was:
| /* confdefs.h */
| #define PACKAGE_NAME "zeromq"
| #define PACKAGE_TARNAME "zeromq"
| #define PACKAGE_VERSION "4.2.1"
| #define PACKAGE_STRING "zeromq 4.2.1"
| #define PACKAGE_BUGREPORT "zeromq-dev@lists.zeromq.org"
| #define PACKAGE_URL ""
| #define PACKAGE "zeromq"
| #define VERSION "4.2.1"
| #define HAVE_CXX11 1
| #define STDC_HEADERS 1
| #define HAVE_SYS_TYPES_H 1
| #define HAVE_SYS_STAT_H 1
| #define HAVE_STDLIB_H 1
| #define HAVE_STRING_H 1
| #define HAVE_MEMORY_H 1
| #define HAVE_STRINGS_H 1
| #define HAVE_INTTYPES_H 1
| #define HAVE_STDINT_H 1
| #define HAVE_UNISTD_H 1
| #define HAVE_DLFCN_H 1
| #define LT_OBJDIR ".libs/"
| #define ZMQ_HAVE_LINUX 1
| #define HAVE_LIBPTHREAD 1
| #define HAVE_LIBRT 1
| #define ZMQ_USE_EPOLL 1
| #define ZMQ_USE_EPOLL_CLOEXEC 1
| #define STDC_HEADERS 1
| #define HAVE_ERRNO_H 1
| #define HAVE_TIME_H 1
| #define HAVE_UNISTD_H 1
| #define HAVE_LIMITS_H 1
| #define HAVE_STDDEF_H 1
| #define HAVE_STDLIB_H 1
| #define HAVE_STRING_H 1
| #define HAVE_ARPA_INET_H 1
| #define HAVE_NETINET_TCP_H 1
| #define HAVE_NETINET_IN_H 1
| #define HAVE_SYS_SOCKET_H 1
| #define HAVE_SYS_TIME_H 1
| #define HAVE_IFADDRS_H 1
| #define ZMQ_HAVE_IFADDRS 1
| #define HAVE_SYS_UIO_H 1
| #define ZMQ_HAVE_UIO 1
| #define HAVE_SYS_EVENTFD_H 1
| #define ZMQ_HAVE_EVENTFD 1
| #define ZMQ_HAVE_EVENTFD_CLOEXEC 1
| #define HAVE_DECL_SO_PEERCRED 1
| #define ZMQ_HAVE_SO_PEERCRED 1
| #define HAVE_DECL_LOCAL_PEERCRED 0
| #define HAVE_STDBOOL_H 1
| /* end confdefs.h.  */
| #include <stdio.h>
| #ifdef HAVE_SYS_TYPES_H
| # include <sys/types.h>
| #endif
| #ifdef HAVE_SYS_STAT_H
| # include <sys/stat.h>
| #endif
| #ifdef STDC_HEADERS
| # include <stdlib.h>
| # include <stddef.h>
| #else
| # ifdef HAVE_STDLIB_H
| #  include <stdlib.h>
| # endif
| #endif
| #ifdef HAVE_STRING_H
| # if !defined STDC_HEADERS && defined HAVE_MEMORY_H
| #  include <memory.h>
| # endif
| # include <string.h>
| #endif
| #ifdef HAVE_STRINGS_H
| # include <strings.h>
| #endif
| #ifdef HAVE_INTTYPES_H
| # include <inttypes.h>
| #endif
| #ifdef HAVE_STDINT_H
| # include <stdint.h>
| #endif
| #ifdef HAVE_UNISTD_H
| # include <unistd.h>
| #endif
| int
| main ()
| {
| if (sizeof ((ssize_t)))
| 	    return 0;
|   ;
|   return 0;
| }
configure:21377: result: yes
configure:21390: checking whether time.h and sys/time.h may both be included
configure:21410: g++ -std=gnu++11 -c -g -O2 -D_GNU_SOURCE -D_REENTRANT -D_THREAD_SAFE -Wno-long-long  conftest.cpp >&5
configure:21410: $? = 0
configure:21417: result: yes
configure:21425: checking for uint32_t
configure:21425: g++ -std=gnu++11 -c -g -O2 -D_GNU_SOURCE -D_REENTRANT -D_THREAD_SAFE -Wno-long-long  conftest.cpp >&5
configure:21425: $? = 0
configure:21425: result: yes
configure:21439: checking for working volatile
configure:21458: g++ -std=gnu++11 -c -g -O2 -D_GNU_SOURCE -D_REENTRANT -D_THREAD_SAFE -Wno-long-long  conftest.cpp >&5
configure:21458: $? = 0
configure:21465: result: yes
configure:21684: Using tweetnacl for CURVE security
configure:22018: checking "with_norm_ext = no"
configure:22036: result: no
configure:22086: checking how to enable additional warnings for C++ compiler
configure:22121: result: -Wall
configure:22133: checking how to turn warnings to errors in C++ compiler
configure:22164: result: -Werror
configure:22177: checking how to enable strict standards compliance in C++ compiler
configure:22212: result: -pedantic
configure:22286: checking whether compiler supports __atomic_Xxx intrinsics
configure:22300: g++ -std=gnu++11 -c -g -O2 -pedantic -Werror -Wall -D_GNU_SOURCE -D_REENTRANT -D_THREAD_SAFE -Wno-long-long  conftest.cpp >&5
configure:22300: $? = 0
configure:22301: result: yes
configure:22322: checking return type of signal handlers
configure:22340: g++ -std=gnu++11 -c -g -O2 -pedantic -Werror -Wall -D_GNU_SOURCE -D_REENTRANT -D_THREAD_SAFE -Wno-long-long  conftest.cpp >&5
conftest.cpp: In function 'int main()':
conftest.cpp:63:22: error: void value not ignored as it ought to be
 return *(signal (0, 0)) (0) == 1;
                      ^
configure:22340: $? = 1
configure: failed program was:
| /* confdefs.h */
| #define PACKAGE_NAME "zeromq"
| #define PACKAGE_TARNAME "zeromq"
| #define PACKAGE_VERSION "4.2.1"
| #define PACKAGE_STRING "zeromq 4.2.1"
| #define PACKAGE_BUGREPORT "zeromq-dev@lists.zeromq.org"
| #define PACKAGE_URL ""
| #define PACKAGE "zeromq"
| #define VERSION "4.2.1"
| #define HAVE_CXX11 1
| #define STDC_HEADERS 1
| #define HAVE_SYS_TYPES_H 1
| #define HAVE_SYS_STAT_H 1
| #define HAVE_STDLIB_H 1
| #define HAVE_STRING_H 1
| #define HAVE_MEMORY_H 1
| #define HAVE_STRINGS_H 1
| #define HAVE_INTTYPES_H 1
| #define HAVE_STDINT_H 1
| #define HAVE_UNISTD_H 1
| #define HAVE_DLFCN_H 1
| #define LT_OBJDIR ".libs/"
| #define ZMQ_HAVE_LINUX 1
| #define HAVE_LIBPTHREAD 1
| #define HAVE_LIBRT 1
| #define ZMQ_USE_EPOLL 1
| #define ZMQ_USE_EPOLL_CLOEXEC 1
| #define STDC_HEADERS 1
| #define HAVE_ERRNO_H 1
| #define HAVE_TIME_H 1
| #define HAVE_UNISTD_H 1
| #define HAVE_LIMITS_H 1
| #define HAVE_STDDEF_H 1
| #define HAVE_STDLIB_H 1
| #define HAVE_STRING_H 1
| #define HAVE_ARPA_INET_H 1
| #define HAVE_NETINET_TCP_H 1
| #define HAVE_NETINET_IN_H 1
| #define HAVE_SYS_SOCKET_H 1
| #define HAVE_SYS_TIME_H 1
| #define HAVE_IFADDRS_H 1
| #define ZMQ_HAVE_IFADDRS 1
| #define HAVE_SYS_UIO_H 1
| #define ZMQ_HAVE_UIO 1
| #define HAVE_SYS_EVENTFD_H 1
| #define ZMQ_HAVE_EVENTFD 1
| #define ZMQ_HAVE_EVENTFD_CLOEXEC 1
| #define HAVE_DECL_SO_PEERCRED 1
| #define ZMQ_HAVE_SO_PEERCRED 1
| #define HAVE_DECL_LOCAL_PEERCRED 0
| #define HAVE_STDBOOL_H 1
| #define TIME_WITH_SYS_TIME 1
| #define ZMQ_HAVE_CURVE 1
| #define ZMQ_USE_TWEETNACL 1
| #define ZMQ_HAVE_ATOMIC_INTRINSICS 1
| /* end confdefs.h.  */
| #include <sys/types.h>
| #include <signal.h>
| 
| int
| main ()
| {
| return *(signal (0, 0)) (0) == 1;
|   ;
|   return 0;
| }
configure:22347: result: void
configure:22358: checking for perror
configure:22358: g++ -std=gnu++11 -o conftest -g -O2 -pedantic -Werror -Wall -D_GNU_SOURCE -D_REENTRANT -D_THREAD_SAFE -Wno-long-long   conftest.cpp -lrt -lpthread -ldl  >&5
configure:22358: $? = 0
configure:22358: result: yes
configure:22358: checking for gettimeofday
configure:22358: g++ -std=gnu++11 -o conftest -g -O2 -pedantic -Werror -Wall -D_GNU_SOURCE -D_REENTRANT -D_THREAD_SAFE -Wno-long-long   conftest.cpp -lrt -lpthread -ldl  >&5
configure:22358: $? = 0
configure:22358: result: yes
configure:22358: checking for clock_gettime
configure:22358: g++ -std=gnu++11 -o conftest -g -O2 -pedantic -Werror -Wall -D_GNU_SOURCE -D_REENTRANT -D_THREAD_SAFE -Wno-long-long   conftest.cpp -lrt -lpthread -ldl  >&5
configure:22358: $? = 0
configure:22358: result: yes
configure:22358: checking for memset
configure:22358: g++ -std=gnu++11 -o conftest -g -O2 -pedantic -Werror -Wall -D_GNU_SOURCE -D_REENTRANT -D_THREAD_SAFE -Wno-long-long   conftest.cpp -lrt -lpthread -ldl  >&5
configure:22358: $? = 0
configure:22358: result: yes
configure:22358: checking for socket
configure:22358: g++ -std=gnu++11 -o conftest -g -O2 -pedantic -Werror -Wall -D_GNU_SOURCE -D_REENTRANT -D_THREAD_SAFE -Wno-long-long   conftest.cpp -lrt -lpthread -ldl  >&5
configure:22358: $? = 0
configure:22358: result: yes
configure:22358: checking for getifaddrs
configure:22358: g++ -std=gnu++11 -o conftest -g -O2 -pedantic -Werror -Wall -D_GNU_SOURCE -D_REENTRANT -D_THREAD_SAFE -Wno-long-long   conftest.cpp -lrt -lpthread -ldl  >&5
configure:22358: $? = 0
configure:22358: result: yes
configure:22358: checking for freeifaddrs
configure:22358: g++ -std=gnu++11 -o conftest -g -O2 -pedantic -Werror -Wall -D_GNU_SOURCE -D_REENTRANT -D_THREAD_SAFE -Wno-long-long   conftest.cpp -lrt -lpthread -ldl  >&5
configure:22358: $? = 0
configure:22358: result: yes
configure:22358: checking for fork
configure:22358: g++ -std=gnu++11 -o conftest -g -O2 -pedantic -Werror -Wall -D_GNU_SOURCE -D_REENTRANT -D_THREAD_SAFE -Wno-long-long   conftest.cpp -lrt -lpthread -ldl  >&5
configure:22358: $? = 0
configure:22358: result: yes
configure:22358: checking for posix_memalign
configure:22358: g++ -std=gnu++11 -o conftest -g -O2 -pedantic -Werror -Wall -D_GNU_SOURCE -D_REENTRANT -D_THREAD_SAFE -Wno-long-long   conftest.cpp -lrt -lpthread -ldl  >&5
configure:22358: $? = 0
configure:22358: result: yes
configure:22358: checking for mkdtemp
configure:22358: g++ -std=gnu++11 -o conftest -g -O2 -pedantic -Werror -Wall -D_GNU_SOURCE -D_REENTRANT -D_THREAD_SAFE -Wno-long-long   conftest.cpp -lrt -lpthread -ldl  >&5
configure:22358: $? = 0
configure:22358: result: yes
configure:22369: checking alloca.h usability
configure:22369: g++ -std=gnu++11 -c -g -O2 -pedantic -Werror -Wall -D_GNU_SOURCE -D_REENTRANT -D_THREAD_SAFE -Wno-long-long  conftest.cpp >&5
configure:22369: $? = 0
configure:22369: result: yes
configure:22369: checking alloca.h presence
configure:22369: g++ -std=gnu++11 -E -pedantic -Werror -Wall -D_GNU_SOURCE -D_REENTRANT -D_THREAD_SAFE -Wno-long-long  conftest.cpp
configure:22369: $? = 0
configure:22369: result: yes
configure:22369: checking for alloca.h
configure:22369: result: yes
configure:22381: checking whether SOCK_CLOEXEC is supported
configure:22403: g++ -std=gnu++11 -o conftest -g -O2 -pedantic -Werror -Wall -D_GNU_SOURCE -D_REENTRANT -D_THREAD_SAFE -Wno-long-long   conftest.cpp -lrt -lpthread -ldl  >&5
configure:22403: $? = 0
configure:22403: ./conftest
configure:22403: $? = 0
configure:22414: result: yes
configure:22427: checking whether SO_KEEPALIVE is supported
configure:22452: g++ -std=gnu++11 -o conftest -g -O2 -pedantic -Werror -Wall -D_GNU_SOURCE -D_REENTRANT -D_THREAD_SAFE -Wno-long-long   conftest.cpp -lrt -lpthread -ldl  >&5
configure:22452: $? = 0
configure:22452: ./conftest
configure:22452: $? = 0
configure:22463: result: yes
configure:22475: checking whether TCP_KEEPCNT is supported
configure:22503: g++ -std=gnu++11 -o conftest -g -O2 -pedantic -Werror -Wall -D_GNU_SOURCE -D_REENTRANT -D_THREAD_SAFE -Wno-long-long   conftest.cpp -lrt -lpthread -ldl  >&5
configure:22503: $? = 0
configure:22503: ./conftest
configure:22503: $? = 0
configure:22514: result: yes
configure:22526: checking whether TCP_KEEPIDLE is supported
configure:22554: g++ -std=gnu++11 -o conftest -g -O2 -pedantic -Werror -Wall -D_GNU_SOURCE -D_REENTRANT -D_THREAD_SAFE -Wno-long-long   conftest.cpp -lrt -lpthread -ldl  >&5
configure:22554: $? = 0
configure:22554: ./conftest
configure:22554: $? = 0
configure:22565: result: yes
configure:22577: checking whether TCP_KEEPINTVL is supported
configure:22605: g++ -std=gnu++11 -o conftest -g -O2 -pedantic -Werror -Wall -D_GNU_SOURCE -D_REENTRANT -D_THREAD_SAFE -Wno-long-long   conftest.cpp -lrt -lpthread -ldl  >&5
configure:22605: $? = 0
configure:22605: ./conftest
configure:22605: $? = 0
configure:22616: result: yes
configure:22628: checking whether TCP_KEEPALIVE is supported
configure:22656: g++ -std=gnu++11 -o conftest -g -O2 -pedantic -Werror -Wall -D_GNU_SOURCE -D_REENTRANT -D_THREAD_SAFE -Wno-long-long   conftest.cpp -lrt -lpthread -ldl  >&5
conftest.cpp: In function 'int main(int, char**)':
conftest.cpp:86:44: error: 'TCP_KEEPALIVE' was not declared in this scope
         ((rc = setsockopt (s, IPPROTO_TCP, TCP_KEEPALIVE, (char*) &opt, sizeof (int))) == -1)
                                            ^
configure:22656: $? = 1
configure: program exited with status 1
configure: failed program was:
| /* confdefs.h */
| #define PACKAGE_NAME "zeromq"
| #define PACKAGE_TARNAME "zeromq"
| #define PACKAGE_VERSION "4.2.1"
| #define PACKAGE_STRING "zeromq 4.2.1"
| #define PACKAGE_BUGREPORT "zeromq-dev@lists.zeromq.org"
| #define PACKAGE_URL ""
| #define PACKAGE "zeromq"
| #define VERSION "4.2.1"
| #define HAVE_CXX11 1
| #define STDC_HEADERS 1
| #define HAVE_SYS_TYPES_H 1
| #define HAVE_SYS_STAT_H 1
| #define HAVE_STDLIB_H 1
| #define HAVE_STRING_H 1
| #define HAVE_MEMORY_H 1
| #define HAVE_STRINGS_H 1
| #define HAVE_INTTYPES_H 1
| #define HAVE_STDINT_H 1
| #define HAVE_UNISTD_H 1
| #define HAVE_DLFCN_H 1
| #define LT_OBJDIR ".libs/"
| #define ZMQ_HAVE_LINUX 1
| #define HAVE_LIBPTHREAD 1
| #define HAVE_LIBRT 1
| #define ZMQ_USE_EPOLL 1
| #define ZMQ_USE_EPOLL_CLOEXEC 1
| #define STDC_HEADERS 1
| #define HAVE_ERRNO_H 1
| #define HAVE_TIME_H 1
| #define HAVE_UNISTD_H 1
| #define HAVE_LIMITS_H 1
| #define HAVE_STDDEF_H 1
| #define HAVE_STDLIB_H 1
| #define HAVE_STRING_H 1
| #define HAVE_ARPA_INET_H 1
| #define HAVE_NETINET_TCP_H 1
| #define HAVE_NETINET_IN_H 1
| #define HAVE_SYS_SOCKET_H 1
| #define HAVE_SYS_TIME_H 1
| #define HAVE_IFADDRS_H 1
| #define ZMQ_HAVE_IFADDRS 1
| #define HAVE_SYS_UIO_H 1
| #define ZMQ_HAVE_UIO 1
| #define HAVE_SYS_EVENTFD_H 1
| #define ZMQ_HAVE_EVENTFD 1
| #define ZMQ_HAVE_EVENTFD_CLOEXEC 1
| #define HAVE_DECL_SO_PEERCRED 1
| #define ZMQ_HAVE_SO_PEERCRED 1
| #define HAVE_DECL_LOCAL_PEERCRED 0
| #define HAVE_STDBOOL_H 1
| #define TIME_WITH_SYS_TIME 1
| #define ZMQ_HAVE_CURVE 1
| #define ZMQ_USE_TWEETNACL 1
| #define ZMQ_HAVE_ATOMIC_INTRINSICS 1
| #define RETSIGTYPE void
| #define HAVE_PERROR 1
| #define HAVE_GETTIMEOFDAY 1
| #define HAVE_CLOCK_GETTIME 1
| #define HAVE_MEMSET 1
| #define HAVE_SOCKET 1
| #define HAVE_GETIFADDRS 1
| #define HAVE_FREEIFADDRS 1
| #define HAVE_FORK 1
| #define HAVE_POSIX_MEMALIGN 1
| #define HAVE_MKDTEMP 1
| #define HAVE_ALLOCA_H 1
| #define ZMQ_HAVE_SOCK_CLOEXEC 1
| #define ZMQ_HAVE_SO_KEEPALIVE 1
| #define ZMQ_HAVE_TCP_KEEPCNT 1
| #define ZMQ_HAVE_TCP_KEEPIDLE 1
| #define ZMQ_HAVE_TCP_KEEPINTVL 1
| /* end confdefs.h.  */
| /* TCP_KEEPALIVE test */
| #include <sys/types.h>
| #include <sys/socket.h>
| #include <netinet/in.h>
| #include <netinet/tcp.h>
| 
| int main (int argc, char *argv [])
| {
|     int s, rc, opt = 1;
|     return (
|         ((s = socket (PF_INET, SOCK_STREAM, 0)) == -1) ||
|         ((rc = setsockopt (s, SOL_SOCKET, SO_KEEPALIVE, (char*) &opt, sizeof (int))) == -1) ||
|         ((rc = setsockopt (s, IPPROTO_TCP, TCP_KEEPALIVE, (char*) &opt, sizeof (int))) == -1)
|     );
| }
| 
configure:22667: result: no
configure:22694: checking for ./.git
configure:22708: result: no
configure:22744: Building stable and legacy API (no draft API)
configure:22752: checking for LIBUNWIND
configure:22759: $PKG_CONFIG --exists --print-errors "libunwind"
Package libunwind was not found in the pkg-config search path.
Perhaps you should add the directory containing `libunwind.pc'
to the PKG_CONFIG_PATH environment variable
No package 'libunwind' found
configure:22762: $? = 1
configure:22776: $PKG_CONFIG --exists --print-errors "libunwind"
Package libunwind was not found in the pkg-config search path.
Perhaps you should add the directory containing `libunwind.pc'
to the PKG_CONFIG_PATH environment variable
No package 'libunwind' found
configure:22779: $? = 1
configure:22793: result: no
No package 'libunwind' found
configure:22810: WARNING: Cannot find libunwind
configure:23013: checking that generated files are newer than configure
configure:23019: result: done
configure:23122: creating ./config.status

## ---------------------- ##
## Running config.status. ##
## ---------------------- ##

This file was extended by zeromq config.status 4.2.1, which was
generated by GNU Autoconf 2.69.  Invocation command line was

  CONFIG_FILES    = 
  CONFIG_HEADERS  = 
  CONFIG_LINKS    = 
  CONFIG_COMMANDS = 
  $ ./config.status 

on plasma-OptiPlex-755

config.status:1523: creating Makefile
config.status:1523: creating src/libzmq.pc
config.status:1523: creating doc/Makefile
config.status:1523: creating builds/Makefile
config.status:1523: creating builds/msvc/Makefile
config.status:1523: creating src/platform.hpp
config.status:1704: src/platform.hpp is unchanged
config.status:1752: executing depfiles commands
config.status:1752: executing libtool commands

## ---------------- ##
## Cache variables. ##
## ---------------- ##

ac_cv_build=i686-pc-linux-gnu
ac_cv_c_compiler_gnu=yes
ac_cv_c_const=yes
ac_cv_c_inline=inline
ac_cv_c_uint32_t=yes
ac_cv_c_volatile=yes
ac_cv_cxx_compiler_gnu=yes
ac_cv_env_ASCIIDOC_set=
ac_cv_env_ASCIIDOC_value=
ac_cv_env_CCC_set=
ac_cv_env_CCC_value=
ac_cv_env_CC_set=
ac_cv_env_CC_value=
ac_cv_env_CFLAGS_set=
ac_cv_env_CFLAGS_value=
ac_cv_env_CPPFLAGS_set=
ac_cv_env_CPPFLAGS_value=
ac_cv_env_CPP_set=
ac_cv_env_CPP_value=
ac_cv_env_CXXCPP_set=
ac_cv_env_CXXCPP_value=
ac_cv_env_CXXFLAGS_set=
ac_cv_env_CXXFLAGS_value=
ac_cv_env_CXX_set=
ac_cv_env_CXX_value=
ac_cv_env_LDFLAGS_set=
ac_cv_env_LDFLAGS_value=
ac_cv_env_LIBS_set=
ac_cv_env_LIBS_value=
ac_cv_env_LIBUNWIND_CFLAGS_set=
ac_cv_env_LIBUNWIND_CFLAGS_value=
ac_cv_env_LIBUNWIND_LIBS_set=
ac_cv_env_LIBUNWIND_LIBS_value=
ac_cv_env_PKG_CONFIG_LIBDIR_set=
ac_cv_env_PKG_CONFIG_LIBDIR_value=
ac_cv_env_PKG_CONFIG_PATH_set=
ac_cv_env_PKG_CONFIG_PATH_value=
ac_cv_env_PKG_CONFIG_set=
ac_cv_env_PKG_CONFIG_value=
ac_cv_env_XMLTO_set=
ac_cv_env_XMLTO_value=
ac_cv_env_build_alias_set=
ac_cv_env_build_alias_value=
ac_cv_env_host_alias_set=
ac_cv_env_host_alias_value=
ac_cv_env_pgm_CFLAGS_set=
ac_cv_env_pgm_CFLAGS_value=
ac_cv_env_pgm_LIBS_set=
ac_cv_env_pgm_LIBS_value=
ac_cv_env_sodium_CFLAGS_set=
ac_cv_env_sodium_CFLAGS_value=
ac_cv_env_sodium_LIBS_set=
ac_cv_env_sodium_LIBS_value=
ac_cv_env_target_alias_set=
ac_cv_env_target_alias_value=
ac_cv_file____git=no
ac_cv_func_clock_gettime=yes
ac_cv_func_fork=yes
ac_cv_func_freeifaddrs=yes
ac_cv_func_getifaddrs=yes
ac_cv_func_gettimeofday=yes
ac_cv_func_memset=yes
ac_cv_func_mkdtemp=yes
ac_cv_func_perror=yes
ac_cv_func_posix_memalign=yes
ac_cv_func_socket=yes
ac_cv_have_decl_LOCAL_PEERCRED=no
ac_cv_have_decl_SO_PEERCRED=yes
ac_cv_header_alloca_h=yes
ac_cv_header_arpa_inet_h=yes
ac_cv_header_dlfcn_h=yes
ac_cv_header_errno_h=yes
ac_cv_header_ifaddrs_h=yes
ac_cv_header_inttypes_h=yes
ac_cv_header_limits_h=yes
ac_cv_header_memory_h=yes
ac_cv_header_netinet_in_h=yes
ac_cv_header_netinet_tcp_h=yes
ac_cv_header_stdbool_h=yes
ac_cv_header_stdc=yes
ac_cv_header_stddef_h=yes
ac_cv_header_stdint_h=yes
ac_cv_header_stdlib_h=yes
ac_cv_header_string_h=yes
ac_cv_header_strings_h=yes
ac_cv_header_sys_eventfd_h=yes
ac_cv_header_sys_socket_h=yes
ac_cv_header_sys_stat_h=yes
ac_cv_header_sys_time_h=yes
ac_cv_header_sys_types_h=yes
ac_cv_header_sys_uio_h=yes
ac_cv_header_time=yes
ac_cv_header_time_h=yes
ac_cv_header_unistd_h=yes
ac_cv_host=i686-pc-linux-gnu
ac_cv_lib_pthread_pthread_create=yes
ac_cv_lib_rt_clock_gettime=yes
ac_cv_objext=o
ac_cv_path_EGREP='/bin/grep -E'
ac_cv_path_FGREP='/bin/grep -F'
ac_cv_path_GREP=/bin/grep
ac_cv_path_SED=/bin/sed
ac_cv_path_ac_pt_PKG_CONFIG=/usr/bin/pkg-config
ac_cv_path_install='/usr/bin/install -c'
ac_cv_path_mkdir=/bin/mkdir
ac_cv_prog_AWK=gawk
ac_cv_prog_CPP='gcc -E'
ac_cv_prog_CXXCPP='g++ -std=gnu++11 -E'
ac_cv_prog_VALGRIND=valgrind
ac_cv_prog_ac_ct_AR=ar
ac_cv_prog_ac_ct_CC=gcc
ac_cv_prog_ac_ct_CXX=g++
ac_cv_prog_ac_ct_DLLTOOL=dlltool
ac_cv_prog_ac_ct_MANIFEST_TOOL=mt
ac_cv_prog_ac_ct_OBJDUMP=objdump
ac_cv_prog_ac_ct_RANLIB=ranlib
ac_cv_prog_ac_ct_STRIP=strip
ac_cv_prog_cc_c89=
ac_cv_prog_cc_g=yes
ac_cv_prog_cxx_g=yes
ac_cv_prog_libzmq_have_asciidoc=no
ac_cv_prog_libzmq_have_xmlto=no
ac_cv_prog_make_make_set=yes
ac_cv_search_dladdr=-ldl
ac_cv_type__Bool=no
ac_cv_type_signal=void
ac_cv_type_size_t=yes
ac_cv_type_ssize_t=yes
am_cv_CC_dependencies_compiler_type=gcc3
am_cv_CXX_dependencies_compiler_type=gcc3
am_cv_make_support_nested_variables=yes
am_cv_prog_cc_c_o=yes
am_cv_prog_tar_ustar=gnutar
ax_cv_check_cflags___std_gnu11=yes
ax_cv_cxx_compile_cxx11=no
ax_cv_cxx_compile_cxx11__std_gnupp11=yes
ax_cv_valgrind_tool_drd=drd
ax_cv_valgrind_tool_exp_sgcheck=exp-sgcheck
ax_cv_valgrind_tool_helgrind=helgrind
ax_cv_valgrind_tool_memcheck=memcheck
libzmq_cv_c_clang_compiler=no
libzmq_cv_c_compiler_works=yes
libzmq_cv_c_gcc4_compiler=yes
libzmq_cv_c_intel_compiler=no
libzmq_cv_c_sun_studio_compiler=no
libzmq_cv_check_lang_flag_save_CPPFLAGS='-D_GNU_SOURCE -D_REENTRANT -D_THREAD_SAFE -Wno-long-long '
libzmq_cv_cxx_clang_compiler=no
libzmq_cv_cxx_compiler_works=yes
libzmq_cv_cxx_gcc4_compiler=yes
libzmq_cv_cxx_intel_compiler=no
libzmq_cv_cxx_strict_flag=-pedantic
libzmq_cv_cxx_sun_studio_compiler=no
libzmq_cv_cxx_supports_flag__fvisibility_hidden=yes
libzmq_cv_cxx_visibility_flag=-fvisibility=hidden
libzmq_cv_cxx_wall_flag=-Wall
libzmq_cv_cxx_werror_flag=-Werror
libzmq_cv_cxx_werror_flag_save=
libzmq_cv_efd_cloexec=yes
libzmq_cv_has_atomic_instrisics=yes
libzmq_cv_so_keepalive=yes
libzmq_cv_sock_cloexec=yes
libzmq_cv_tcp_keepalive=no
libzmq_cv_tcp_keepcnt=yes
libzmq_cv_tcp_keepidle=yes
libzmq_cv_tcp_keepintvl=yes
lt_cv_ar_at_file=@
lt_cv_archive_cmds_need_lc=no
lt_cv_deplibs_check_method=pass_all
lt_cv_file_magic_cmd='$MAGIC_CMD'
lt_cv_file_magic_test_file=
lt_cv_ld_reload_flag=-r
lt_cv_nm_interface='BSD nm'
lt_cv_objdir=.libs
lt_cv_path_LD=/usr/bin/ld
lt_cv_path_LDCXX=/usr/bin/ld
lt_cv_path_NM='/usr/bin/nm -B'
lt_cv_path_mainfest_tool=no
lt_cv_prog_compiler_c_o=yes
lt_cv_prog_compiler_c_o_CXX=yes
lt_cv_prog_compiler_pic='-fPIC -DPIC'
lt_cv_prog_compiler_pic_CXX='-fPIC -DPIC'
lt_cv_prog_compiler_pic_works=yes
lt_cv_prog_compiler_pic_works_CXX=yes
lt_cv_prog_compiler_rtti_exceptions=no
lt_cv_prog_compiler_static_works=yes
lt_cv_prog_compiler_static_works_CXX=yes
lt_cv_prog_gnu_ld=yes
lt_cv_prog_gnu_ldcxx=yes
lt_cv_sharedlib_from_linklib_cmd='printf %s\n'
lt_cv_shlibpath_overrides_runpath=no
lt_cv_sys_global_symbol_pipe='sed -n -e '\''s/^.*[	 ]\([ABCDGIRSTW][ABCDGIRSTW]*\)[	 ][	 ]*\([_A-Za-z][_A-Za-z0-9]*\)$/\1 \2 \2/p'\'' | sed '\''/ __gnu_lto/d'\'''
lt_cv_sys_global_symbol_to_c_name_address='sed -n -e '\''s/^: \([^ ]*\)[ ]*$/  {\"\1\", (void *) 0},/p'\'' -e '\''s/^[ABCDGIRSTW]* \([^ ]*\) \([^ ]*\)$/  {"\2", (void *) \&\2},/p'\'''
lt_cv_sys_global_symbol_to_c_name_address_lib_prefix='sed -n -e '\''s/^: \([^ ]*\)[ ]*$/  {\"\1\", (void *) 0},/p'\'' -e '\''s/^[ABCDGIRSTW]* \([^ ]*\) \(lib[^ ]*\)$/  {"\2", (void *) \&\2},/p'\'' -e '\''s/^[ABCDGIRSTW]* \([^ ]*\) \([^ ]*\)$/  {"lib\2", (void *) \&\2},/p'\'''
lt_cv_sys_global_symbol_to_cdecl='sed -n -e '\''s/^T .* \(.*\)$/extern int \1();/p'\'' -e '\''s/^[ABCDGIRSTW]* .* \(.*\)$/extern char \1;/p'\'''
lt_cv_sys_max_cmd_len=1572864
lt_cv_to_host_file_cmd=func_convert_file_noop
lt_cv_to_tool_file_cmd=func_convert_file_noop

## ----------------- ##
## Output variables. ##
## ----------------- ##



























			$(MAKE) $(AM_MAKEFLAGS) -k check-valgrind-tool VALGRIND_TOOL=$(tool); \
		$(if $(VALGRIND_HAVE_TOOL_$(tool))$(VALGRIND_HAVE_TOOL_exp_$(tool)), \
		) \
		LOG_COMPILER="$(VALGRIND_LOG_COMPILER)" \
		LOG_COMPILER="$(VALGRIND_LOG_COMPILER)" \
		LOG_COMPILER="$(VALGRIND_LOG_COMPILER)" \
		LOG_COMPILER="$(VALGRIND_LOG_COMPILER)" \
		LOG_COMPILER="$(VALGRIND_LOG_COMPILER)" \
		LOG_FLAGS="$(valgrind_$(VALGRIND_TOOL)_flags)" \
		LOG_FLAGS="$(valgrind_drd_flags)" \
		LOG_FLAGS="$(valgrind_helgrind_flags)" \
		LOG_FLAGS="$(valgrind_memcheck_flags)" \
		LOG_FLAGS="$(valgrind_sgcheck_flags)" \
		TESTS_ENVIRONMENT="$(VALGRIND_TESTS_ENVIRONMENT)" \
		TESTS_ENVIRONMENT="$(VALGRIND_TESTS_ENVIRONMENT)" \
		TESTS_ENVIRONMENT="$(VALGRIND_TESTS_ENVIRONMENT)" \
		TESTS_ENVIRONMENT="$(VALGRIND_TESTS_ENVIRONMENT)" \
		TESTS_ENVIRONMENT="$(VALGRIND_TESTS_ENVIRONMENT)" \
		TEST_SUITE_LOG=test-suite-$(VALGRIND_TOOL).log
		TEST_SUITE_LOG=test-suite-drd.log
		TEST_SUITE_LOG=test-suite-helgrind.log
		TEST_SUITE_LOG=test-suite-memcheck.log
		TEST_SUITE_LOG=test-suite-sgcheck.log
	$(AM_V_at)$(MAKE) $(AM_MAKEFLAGS) code-coverage-capture
	$(MAKE) check-TESTS \
	$(MAKE) check-TESTS \
	$(MAKE) check-TESTS \
	$(MAKE) check-TESTS \
	$(MAKE) check-TESTS \
	$(TESTS_ENVIRONMENT) \
	$(VALGRIND) $(VALGRIND_SUPPRESSIONS) --error-exitcode=1 $(VALGRIND_FLAGS)
	$(code_coverage_v_genhtml)LANG=C $(GENHTML) $(code_coverage_quiet) $(addprefix --prefix ,$(CODE_COVERAGE_DIRECTORY)) --output-directory "$(CODE_COVERAGE_OUTPUT_DIRECTORY)" --title "$(PACKAGE_NAME)-$(PACKAGE_VERSION) Code Coverage" --legend --show-details "$(CODE_COVERAGE_OUTPUT_FILE)" $(CODE_COVERAGE_GENHTML_OPTIONS)
	$(code_coverage_v_lcov_cap)$(LCOV) $(code_coverage_quiet) $(addprefix --directory ,$(CODE_COVERAGE_DIRECTORY)) --capture --output-file "$(CODE_COVERAGE_OUTPUT_FILE).tmp" --test-name "$(call code_coverage_sanitize,$(PACKAGE_NAME)-$(PACKAGE_VERSION))" --no-checksum --compat-libtool $(CODE_COVERAGE_LCOV_SHOPTS) $(CODE_COVERAGE_LCOV_OPTIONS)
	$(code_coverage_v_lcov_ign)$(LCOV) $(code_coverage_quiet) $(addprefix --directory ,$(CODE_COVERAGE_DIRECTORY)) --remove "$(CODE_COVERAGE_OUTPUT_FILE).tmp" "/tmp/*" $(CODE_COVERAGE_IGNORE_PATTERN) --output-file "$(CODE_COVERAGE_OUTPUT_FILE)" $(CODE_COVERAGE_LCOV_SHOPTS) $(CODE_COVERAGE_LCOV_RMOPTS)
	$(valgrind_lt) \
	)
	-$(AM_V_at)$(MAKE) $(AM_MAKEFLAGS) -k check
	-$(LCOV) --directory $(top_builddir) -z
	-$(foreach tool,$(valgrind_tools), \
	-@rm -f $(CODE_COVERAGE_OUTPUT_FILE).tmp
	-find . \( -name "*.gcda" -o -name "*.gcno" -o -name "*.gcov" \) -delete
	-rm -rf $(CODE_COVERAGE_OUTPUT_FILE) $(CODE_COVERAGE_OUTPUT_FILE).tmp $(CODE_COVERAGE_OUTPUT_DIRECTORY)
	@echo "Need to reconfigure with --enable-code-coverage"
	@echo "Need to reconfigure with --enable-code-coverage"
	@echo "Need to reconfigure with --enable-valgrind"
	@echo "Need to reconfigure with --enable-valgrind"
	@echo "Need to reconfigure with --enable-valgrind"
	@echo "Need to reconfigure with --enable-valgrind"
	@echo "Need to reconfigure with --enable-valgrind"
	@echo "Need to reconfigure with --enable-valgrind"
	@echo "file://$(abs_builddir)/$(CODE_COVERAGE_OUTPUT_DIRECTORY)/index.html"
	G_DEBUG=fatal-warnings,fatal-criticals,gc-friendly
	G_SLICE=always-malloc,debug-blocks \
	env VALGRIND=$(VALGRIND) \
 $(CODE_COVERAGE_IGNORE_PATTERN);
 $(CODE_COVERAGE_OUTPUT_FILE);
#
#
#
#    $(PACKAGE_NAME)-$(PACKAGE_VERSION)-coverage)
#    $(PACKAGE_NAME)-$(PACKAGE_VERSION)-coverage.info)
#    (Default: $(top_builddir))
#    (Default: --num-callers=30)
#    (Default: empty)
#    Multiple directories may be specified, separated by whitespace.
#    by lcov for code coverage. (Default:
#    collecting lcov instance. (Default: $CODE_COVERAGE_LCOV_OPTIONS_GCOVPATH)
#    files to load. (Default: empty)
#    genhtml instance. (Default: based on $CODE_COVERAGE_BRANCH_COVERAGE)
#    instance. (Default: $CODE_COVERAGE_GENHTML_OPTIONS_DEFAULT)
#    instance. (Default: $CODE_COVERAGE_LCOV_OPTIONS_DEFAULT)
#    instance. (Default: $CODE_COVERAGE_LCOV_RMOPTS_DEFAULT)
#    instances. (Default: $CODE_COVERAGE_LCOV_SHOPTS_DEFAULT)
#    instances. (Default: based on $CODE_COVERAGE_BRANCH_COVERAGE)
#    lcov instance. (Default: empty)
#    memcheck, helgrind, drd, sgcheck). (Default: various)
#    reports to be created. (Default:
#    set to 0 to disable it and leave empty to stay with the default.
#  - CODE_COVERAGE_BRANCH_COVERAGE: Set to 1 to enforce branch coverage,
#  - CODE_COVERAGE_DIRECTORY: Top-level directory for code coverage reporting.
#  - CODE_COVERAGE_GENHTML_OPTIONS: Extra options to pass to the genhtml
#  - CODE_COVERAGE_GENHTML_OPTIONS_DEFAULT: Extra options to pass to the
#  - CODE_COVERAGE_IGNORE_PATTERN: Extra glob pattern of files to ignore
#  - CODE_COVERAGE_LCOV_OPTIONS: Extra options to pass to the collecting lcov
#  - CODE_COVERAGE_LCOV_OPTIONS_DEFAULT: Extra options to pass to the
#  - CODE_COVERAGE_LCOV_OPTIONS_GCOVPATH: --gcov-tool pathtogcov
#  - CODE_COVERAGE_LCOV_RMOPTS: Extra options to pass to the filtering lcov
#  - CODE_COVERAGE_LCOV_RMOPTS_DEFAULT: Extra options to pass to the filtering
#  - CODE_COVERAGE_LCOV_SHOPTS: Extra options to shared between both lcov
#  - CODE_COVERAGE_LCOV_SHOPTS_DEFAULT: Extra options shared between both lcov
#  - CODE_COVERAGE_OUTPUT_DIRECTORY: Directory for generated code coverage
#  - CODE_COVERAGE_OUTPUT_FILE: Filename and path for the .info file generated
#  - VALGRIND_$toolname_FLAGS: Flags to pass to Valgrind $toolname (one of:
#  - VALGRIND_FLAGS: General flags to pass to all Valgrind tools.
#  - VALGRIND_SUPPRESSIONS_FILES: Space-separated list of Valgrind suppressions
# $(PACKAGE_VERSION). In order to add the current git hash to the title,
# Capture code coverage data
# Code coverage
# Hook rule executed before code-coverage-capture, overridable by the user
# Internal use
# Optional variables
# Optional variables
# Optional:
# Optional:
# Support running with and without libtool.
# The generated report will be titled using the $(PACKAGE_NAME) and
# Use recursive makes in order to ignore errors during check
# Use recursive makes in order to ignore errors during check
# Valgrind check
# Valgrind running
# sanitizes the test-name: replaces with underscores: dashes and dots
# use the git-version-gen script, available online.
$(if $(CODE_COVERAGE_BRANCH_COVERAGE),\
'
'
--rc genhtml_branch_coverage=$(CODE_COVERAGE_BRANCH_COVERAGE))
--rc lcov_branch_coverage=$(CODE_COVERAGE_BRANCH_COVERAGE))
.PHONY: check-code-coverage code-coverage-capture code-coverage-capture-hook code-coverage-clean
.PHONY: check-valgrind check-valgrind-tool
ACLOCAL='${SHELL} /home/plasma/Documents/src/cncremote/libraries/zeromq-4.2.1/config/missing aclocal-1.14'
AMDEPBACKSLASH='\'
AMDEP_FALSE='#'
AMDEP_TRUE=''
AMTAR='$${TAR-tar}'
AM_BACKSLASH='\'
AM_DEFAULT_V='$(AM_DEFAULT_VERBOSITY)'
AM_DEFAULT_VERBOSITY='0'
AM_DISTCHECK_CONFIGURE_FLAGS += --disable-code-coverage
AM_DISTCHECK_CONFIGURE_FLAGS += --disable-valgrind
AM_DISTCHECK_CONFIGURE_FLAGS ?=
AM_DISTCHECK_CONFIGURE_FLAGS ?=
AM_V='$(V)'
AR='ar'
AS='as'
ASCIIDOC=''
AUTOCONF='${SHELL} /home/plasma/Documents/src/cncremote/libraries/zeromq-4.2.1/config/missing autoconf'
AUTOHEADER='${SHELL} /home/plasma/Documents/src/cncremote/libraries/zeromq-4.2.1/config/missing autoheader'
AUTOMAKE='${SHELL} /home/plasma/Documents/src/cncremote/libraries/zeromq-4.2.1/config/missing automake-1.14'
AWK='gawk'
BUILD_DOC_FALSE=''
BUILD_DOC_TRUE='#'
BUILD_TIPC_FALSE=''
BUILD_TIPC_TRUE='#'
CC='gcc'
CCDEPMODE='depmode=gcc3'
CFLAGS='-g -O2 -std=gnu11'
CODE_COVERAGE_BRANCH_COVERAGE ?=
CODE_COVERAGE_CFLAGS=''
CODE_COVERAGE_CPPFLAGS=''
CODE_COVERAGE_CXXFLAGS=''
CODE_COVERAGE_DIRECTORY ?= $(top_builddir)
CODE_COVERAGE_ENABLED='no'
CODE_COVERAGE_ENABLED_FALSE=''
CODE_COVERAGE_ENABLED_TRUE='#'
CODE_COVERAGE_GENHTML_OPTIONS ?= $(CODE_COVERAGE_GENHTML_OPTIONS_DEFAULTS)
CODE_COVERAGE_GENHTML_OPTIONS_DEFAULT ?=\
CODE_COVERAGE_IGNORE_PATTERN ?=
CODE_COVERAGE_LCOV_OPTIONS ?= $(CODE_COVERAGE_LCOV_OPTIONS_DEFAULT)
CODE_COVERAGE_LCOV_OPTIONS_DEFAULT ?= $(CODE_COVERAGE_LCOV_OPTIONS_GCOVPATH)
CODE_COVERAGE_LCOV_OPTIONS_GCOVPATH ?= --gcov-tool "$(GCOV)"
CODE_COVERAGE_LCOV_RMOPTS ?= $(CODE_COVERAGE_LCOV_RMOPTS_DEFAULT)
CODE_COVERAGE_LCOV_RMOPTS_DEFAULT ?=
CODE_COVERAGE_LCOV_SHOPTS ?= $(CODE_COVERAGE_LCOV_SHOPTS_DEFAULT)
CODE_COVERAGE_LCOV_SHOPTS_DEFAULT ?= $(if $(CODE_COVERAGE_BRANCH_COVERAGE),\
CODE_COVERAGE_LDFLAGS=''
CODE_COVERAGE_OUTPUT_DIRECTORY ?= $(PACKAGE_NAME)-$(PACKAGE_VERSION)-coverage
CODE_COVERAGE_OUTPUT_FILE ?= $(PACKAGE_NAME)-$(PACKAGE_VERSION)-coverage.info
CODE_COVERAGE_RULES='
CPP='gcc -E'
CPPFLAGS='-pedantic -Werror -Wall -D_GNU_SOURCE -D_REENTRANT -D_THREAD_SAFE -Wno-long-long '
CXX='g++ -std=gnu++11'
CXXCPP='g++ -std=gnu++11 -E'
CXXDEPMODE='depmode=gcc3'
CXXFLAGS='-g -O2'
CYGPATH_W='echo'
DEFS='-DHAVE_CONFIG_H'
DEPDIR='.deps'
DLLTOOL='dlltool'
DSYMUTIL=''
DUMPBIN=''
ECHO_C=''
ECHO_N='-n'
ECHO_T=''
EGREP='/bin/grep -E'
ENABLE_CURVE_KEYGEN_FALSE='#'
ENABLE_CURVE_KEYGEN_TRUE=''
ENABLE_DRAFTS_FALSE=''
ENABLE_DRAFTS_TRUE='#'
ENABLE_PERF_FALSE='#'
ENABLE_PERF_TRUE=''
EXEEXT=''
FGREP='/bin/grep -F'
GCOV=''
GENHTML=''
GITIGNOREFILES += $(CODE_COVERAGE_OUTPUT_FILE) $(CODE_COVERAGE_OUTPUT_DIRECTORY)
GITIGNOREFILES ?=
GREP='/bin/grep'
HAVE_CXX11='1'
HAVE_FORK_FALSE='#'
HAVE_FORK_TRUE=''
HAVE_IPC_PEERCRED_FALSE='#'
HAVE_IPC_PEERCRED_TRUE=''
HAVE_PGM_FALSE=''
HAVE_PGM_TRUE='#'
HAVE_VMCI_FALSE=''
HAVE_VMCI_TRUE='#'
INSTALL_DATA='${INSTALL} -m 644'
INSTALL_MAN_FALSE='#'
INSTALL_MAN_TRUE=''
INSTALL_PROGRAM='${INSTALL}'
INSTALL_SCRIPT='${INSTALL}'
INSTALL_STRIP_PROGRAM='$(install_sh) -c -s'
LCOV=''
LD='/usr/bin/ld'
LDFLAGS=''
LIBOBJS=''
LIBS='-lrt -lpthread -ldl '
LIBTOOL='$(SHELL) $(top_builddir)/libtool'
LIBUNWIND_CFLAGS=''
LIBUNWIND_LIBS=''
LIBZMQ_EXTRA_CFLAGS=''
LIBZMQ_EXTRA_CXXFLAGS='-fvisibility=hidden '
LIBZMQ_EXTRA_LDFLAGS=''
LIBZMQ_VMCI_CXXFLAGS=''
LIBZMQ_VMCI_LDFLAGS=''
LIPO=''
LN_S='ln -s'
LTLIBOBJS=''
LTVER='6:1:1'
MAKEINFO='${SHELL} /home/plasma/Documents/src/cncremote/libraries/zeromq-4.2.1/config/missing makeinfo'
MANIFEST_TOOL=':'
MKDIR_P='/bin/mkdir -p'
MOSTLYCLEANFILES += $(valgrind_log_files)
MOSTLYCLEANFILES ?=
NM='/usr/bin/nm -B'
NMEDIT=''
OBJDUMP='objdump'
OBJEXT='o'
ON_ANDROID_FALSE=''
ON_ANDROID_TRUE='#'
ON_CYGWIN_FALSE=''
ON_CYGWIN_TRUE='#'
ON_GNU_FALSE=''
ON_GNU_TRUE='#'
ON_LINUX_FALSE='#'
ON_LINUX_TRUE=''
ON_MINGW_FALSE=''
ON_MINGW_TRUE='#'
OTOOL64=''
OTOOL=''
PACKAGE='zeromq'
PACKAGE_BUGREPORT='zeromq-dev@lists.zeromq.org'
PACKAGE_NAME='zeromq'
PACKAGE_STRING='zeromq 4.2.1'
PACKAGE_TARNAME='zeromq'
PACKAGE_URL=''
PACKAGE_VERSION='4.2.1'
PATH_SEPARATOR=':'
PKG_CONFIG='/usr/bin/pkg-config'
PKG_CONFIG_LIBDIR=''
PKG_CONFIG_PATH=''
RANLIB='ranlib'
SED='/bin/sed'
SET_MAKE=''
SHELL='/bin/bash'
STRIP='strip'
USE_LIBSODIUM_FALSE=''
USE_LIBSODIUM_TRUE='#'
USE_TWEETNACL_FALSE='#'
USE_TWEETNACL_TRUE=''
VALGRIND='valgrind'
VALGRIND_CHECK_RULES='
VALGRIND_ENABLED='yes'
VALGRIND_ENABLED_FALSE='#'
VALGRIND_ENABLED_TRUE=''
VALGRIND_FLAGS ?= --num-callers=30
VALGRIND_HAVE_TOOL_drd='drd'
VALGRIND_HAVE_TOOL_exp_sgcheck='exp-sgcheck'
VALGRIND_HAVE_TOOL_helgrind='helgrind'
VALGRIND_HAVE_TOOL_memcheck='memcheck'
VALGRIND_LOG_COMPILER = \
VALGRIND_SUPPRESSIONS ?= $(addprefix --suppressions=,$(VALGRIND_SUPPRESSIONS_FILES))
VALGRIND_TESTS_ENVIRONMENT = \
VALGRIND_drd_FLAGS ?=
VALGRIND_helgrind_FLAGS ?= --history-level=approx
VALGRIND_memcheck_FLAGS ?= --leak-check=full --show-reachable=no
VALGRIND_sgcheck_FLAGS ?=
VERSION='4.2.1'
XMLTO=''
ac_ct_AR='ar'
ac_ct_CC='gcc'
ac_ct_CXX='g++'
ac_ct_DUMPBIN=''
am__EXEEXT_FALSE=''
am__EXEEXT_TRUE='#'
am__fastdepCC_FALSE='#'
am__fastdepCC_TRUE=''
am__fastdepCXX_FALSE='#'
am__fastdepCXX_TRUE=''
am__include='include'
am__isrc=''
am__leading_dot='.'
am__nodep='_no'
am__quote=''
am__tar='tar --format=ustar -chf - "$$tardir"'
am__untar='tar -xf -'
bindir='${exec_prefix}/bin'
build='i686-pc-linux-gnu'
build_alias=''
build_cpu='i686'
build_os='linux-gnu'
build_vendor='pc'
check-code-coverage:
check-valgrind-drd:
check-valgrind-helgrind:
check-valgrind-memcheck:
check-valgrind-sgcheck:
check-valgrind-tool:
check-valgrind:
clean: code-coverage-clean
code-coverage-capture-hook:
code-coverage-capture: code-coverage-capture-hook
code-coverage-clean:
code_coverage_quiet = $(code_coverage_quiet_$(V))
code_coverage_quiet_ = $(code_coverage_quiet_$(AM_DEFAULT_VERBOSITY))
code_coverage_quiet_0 = --quiet
code_coverage_sanitize = $(subst -,_,$(subst .,_,$(1)))
code_coverage_v_genhtml = $(code_coverage_v_genhtml_$(V))
code_coverage_v_genhtml_ = $(code_coverage_v_genhtml_$(AM_DEFAULT_VERBOSITY))
code_coverage_v_genhtml_0 = @echo "  GEN   " $(CODE_COVERAGE_OUTPUT_DIRECTORY);
code_coverage_v_lcov_cap = $(code_coverage_v_lcov_cap_$(V))
code_coverage_v_lcov_cap_ = $(code_coverage_v_lcov_cap_$(AM_DEFAULT_VERBOSITY))
code_coverage_v_lcov_cap_0 = @echo "  LCOV   --capture"\
code_coverage_v_lcov_ign = $(code_coverage_v_lcov_ign_$(V))
code_coverage_v_lcov_ign_ = $(code_coverage_v_lcov_ign_$(AM_DEFAULT_VERBOSITY))
code_coverage_v_lcov_ign_0 = @echo "  LCOV   --remove /tmp/*"\
datadir='${datarootdir}'
datarootdir='${prefix}/share'
distclean: code-coverage-clean
docdir='${datarootdir}/doc/${PACKAGE_TARNAME}'
dvidir='${docdir}'
else
else
else
else
else
else
else
else
else
endif
endif
endif
endif
endif
endif
endif
endif
endif
endif
exec_prefix='${prefix}'
host='i686-pc-linux-gnu'
host_alias=''
host_cpu='i686'
host_os='linux-gnu'
host_vendor='pc'
htmldir='${docdir}'
ifeq ($(CODE_COVERAGE_ENABLED),yes)
ifeq ($(CODE_COVERAGE_ENABLED),yes)
ifeq ($(CODE_COVERAGE_ENABLED),yes)
ifeq ($(VALGRIND_ENABLED),yes)
ifeq ($(VALGRIND_ENABLED),yes)
ifeq ($(VALGRIND_ENABLED),yes)
ifeq ($(VALGRIND_ENABLED),yes)
ifeq ($(VALGRIND_ENABLED),yes)
ifeq ($(VALGRIND_ENABLED),yes)
ifneq ($(LIBTOOL),)
includedir='${prefix}/include'
infodir='${datarootdir}/info'
install_sh='${SHELL} /home/plasma/Documents/src/cncremote/libraries/zeromq-4.2.1/config/install-sh'
libdir='${exec_prefix}/lib'
libexecdir='${exec_prefix}/libexec'
libzmq_have_asciidoc='no'
libzmq_have_xmlto='no'
localedir='${datarootdir}/locale'
localstatedir='${prefix}/var'
mandir='${datarootdir}/man'
mkdir_p='$(MKDIR_P)'
oldincludedir='/usr/include'
pdfdir='${docdir}'
pgm_CFLAGS=''
pgm_LIBS=''
pkg_config_defines=''
pkg_config_libs_private=''
pkgconfigdir='${libdir}/pkgconfig'
prefix='/home/plasma/Documents/src/cncremote/libraries'
program_transform_name='s,x,x,'
psdir='${docdir}'
sbindir='${exec_prefix}/sbin'
sharedstatedir='${prefix}/com'
sodium_CFLAGS=''
sodium_LIBS=''
sysconfdir='${prefix}/etc'
target_alias=''
valgrind_drd_flags = --tool=drd $(VALGRIND_drd_FLAGS)
valgrind_helgrind_flags = --tool=helgrind $(VALGRIND_helgrind_FLAGS)
valgrind_log_files = $(addprefix test-suite-,$(addsuffix .log,$(valgrind_tools)))
valgrind_lt =
valgrind_lt = $(LIBTOOL) $(AM_LIBTOOLFLAGS) $(LIBTOOLFLAGS) --mode=execute
valgrind_memcheck_flags = --tool=memcheck $(VALGRIND_memcheck_FLAGS)
valgrind_quiet = $(valgrind_quiet_$(V))
valgrind_quiet_ = $(valgrind_quiet_$(AM_DEFAULT_VERBOSITY))
valgrind_quiet_0 = --quiet
valgrind_sgcheck_flags = --tool=exp-sgcheck $(VALGRIND_sgcheck_FLAGS)
valgrind_tools = memcheck helgrind drd sgcheck

## ----------- ##
## confdefs.h. ##
## ----------- ##

/* confdefs.h */
#define PACKAGE_NAME "zeromq"
#define PACKAGE_TARNAME "zeromq"
#define PACKAGE_VERSION "4.2.1"
#define PACKAGE_STRING "zeromq 4.2.1"
#define PACKAGE_BUGREPORT "zeromq-dev@lists.zeromq.org"
#define PACKAGE_URL ""
#define PACKAGE "zeromq"
#define VERSION "4.2.1"
#define HAVE_CXX11 1
#define STDC_HEADERS 1
#define HAVE_SYS_TYPES_H 1
#define HAVE_SYS_STAT_H 1
#define HAVE_STDLIB_H 1
#define HAVE_STRING_H 1
#define HAVE_MEMORY_H 1
#define HAVE_STRINGS_H 1
#define HAVE_INTTYPES_H 1
#define HAVE_STDINT_H 1
#define HAVE_UNISTD_H 1
#define HAVE_DLFCN_H 1
#define LT_OBJDIR ".libs/"
#define ZMQ_HAVE_LINUX 1
#define HAVE_LIBPTHREAD 1
#define HAVE_LIBRT 1
#define ZMQ_USE_EPOLL 1
#define ZMQ_USE_EPOLL_CLOEXEC 1
#define STDC_HEADERS 1
#define HAVE_ERRNO_H 1
#define HAVE_TIME_H 1
#define HAVE_UNISTD_H 1
#define HAVE_LIMITS_H 1
#define HAVE_STDDEF_H 1
#define HAVE_STDLIB_H 1
#define HAVE_STRING_H 1
#define HAVE_ARPA_INET_H 1
#define HAVE_NETINET_TCP_H 1
#define HAVE_NETINET_IN_H 1
#define HAVE_SYS_SOCKET_H 1
#define HAVE_SYS_TIME_H 1
#define HAVE_IFADDRS_H 1
#define ZMQ_HAVE_IFADDRS 1
#define HAVE_SYS_UIO_H 1
#define ZMQ_HAVE_UIO 1
#define HAVE_SYS_EVENTFD_H 1
#define ZMQ_HAVE_EVENTFD 1
#define ZMQ_HAVE_EVENTFD_CLOEXEC 1
#define HAVE_DECL_SO_PEERCRED 1
#define ZMQ_HAVE_SO_PEERCRED 1
#define HAVE_DECL_LOCAL_PEERCRED 0
#define HAVE_STDBOOL_H 1
#define TIME_WITH_SYS_TIME 1
#define ZMQ_HAVE_CURVE 1
#define ZMQ_USE_TWEETNACL 1
#define ZMQ_HAVE_ATOMIC_INTRINSICS 1
#define RETSIGTYPE void
#define HAVE_PERROR 1
#define HAVE_GETTIMEOFDAY 1
#define HAVE_CLOCK_GETTIME 1
#define HAVE_MEMSET 1
#define HAVE_SOCKET 1
#define HAVE_GETIFADDRS 1
#define HAVE_FREEIFADDRS 1
#define HAVE_FORK 1
#define HAVE_POSIX_MEMALIGN 1
#define HAVE_MKDTEMP 1
#define HAVE_ALLOCA_H 1
#define ZMQ_HAVE_SOCK_CLOEXEC 1
#define ZMQ_HAVE_SO_KEEPALIVE 1
#define ZMQ_HAVE_TCP_KEEPCNT 1
#define ZMQ_HAVE_TCP_KEEPIDLE 1
#define ZMQ_HAVE_TCP_KEEPINTVL 1

configure: exit 0
